[2019-01-01 15:42:58] development.ERROR: Twig_Error_Syntax: Unexpected token "punctuation" of value ":" ("end of print statement" expected) in "/Applications/MAMP/htdocs/endsleigh.dev/themes/endsleigh/partials/site/header.htm" at line 6. in /Applications/MAMP/htdocs/endsleigh.dev/vendor/twig/twig/lib/Twig/TokenStream.php:80
Stack trace:
#0 /Applications/MAMP/htdocs/endsleigh.dev/vendor/twig/twig/lib/Twig/Parser.php(126): Twig_TokenStream->expect(4)
#1 /Applications/MAMP/htdocs/endsleigh.dev/vendor/twig/twig/lib/Twig/Parser.php(81): Twig_Parser->subparse(NULL, false)
#2 /Applications/MAMP/htdocs/endsleigh.dev/vendor/twig/twig/lib/Twig/Environment.php(533): Twig_Parser->parse(Object(Twig_TokenStream))
#3 /Applications/MAMP/htdocs/endsleigh.dev/vendor/twig/twig/lib/Twig/Environment.php(565): Twig_Environment->parse(Object(Twig_TokenStream))
#4 /Applications/MAMP/htdocs/endsleigh.dev/vendor/twig/twig/lib/Twig/Environment.php(368): Twig_Environment->compileSource(Object(Twig_Source))
#5 /Applications/MAMP/htdocs/endsleigh.dev/modules/cms/Classes/Controller.php(939): Twig_Environment->loadTemplate('/Applications/M...')
#6 /Applications/MAMP/htdocs/endsleigh.dev/modules/cms/Twig/Extension.php(102): Cms\Classes\Controller->renderPartial('site/header', Array, true)
#7 /Applications/MAMP/htdocs/endsleigh.dev/storage/cms/twig/fa/fa7389dd9407da6baca957d0105a3516244f7e0c540f54d1239e338f99dd82e2.php(63): Cms\Twig\Extension->partialFunction('site/header', Array, true)
#8 /Applications/MAMP/htdocs/endsleigh.dev/vendor/twig/twig/lib/Twig/Template.php(390): __TwigTemplate_01f734ff47874e7d58ff98a0e57d48f2e48628fd91194f28152b32752aede9dd->doDisplay(Array, Array)
#9 /Applications/MAMP/htdocs/endsleigh.dev/vendor/twig/twig/lib/Twig/Template.php(367): Twig_Template->displayWithErrorHandling(Array, Array)
#10 /Applications/MAMP/htdocs/endsleigh.dev/vendor/twig/twig/lib/Twig/Template.php(375): Twig_Template->display(Array)
#11 /Applications/MAMP/htdocs/endsleigh.dev/modules/cms/Classes/Controller.php(370): Twig_Template->render(Array)
#12 /Applications/MAMP/htdocs/endsleigh.dev/modules/cms/Classes/Controller.php(206): Cms\Classes\Controller->runPage(Object(Cms\Classes\Page))
#13 /Applications/MAMP/htdocs/endsleigh.dev/modules/cms/Classes/CmsController.php(50): Cms\Classes\Controller->run('/')
#14 [internal function]: Cms\Classes\CmsController->run('/')
#15 /Applications/MAMP/htdocs/endsleigh.dev/vendor/laravel/framework/src/Illuminate/Routing/Controller.php(54): call_user_func_array(Array, Array)
#16 /Applications/MAMP/htdocs/endsleigh.dev/vendor/laravel/framework/src/Illuminate/Routing/ControllerDispatcher.php(45): Illuminate\Routing\Controller->callAction('run', Array)
#17 /Applications/MAMP/htdocs/endsleigh.dev/vendor/laravel/framework/src/Illuminate/Routing/Route.php(212): Illuminate\Routing\ControllerDispatcher->dispatch(Object(Illuminate\Routing\Route), Object(Cms\Classes\CmsController), 'run')
#18 /Applications/MAMP/htdocs/endsleigh.dev/vendor/laravel/framework/src/Illuminate/Routing/Route.php(169): Illuminate\Routing\Route->runController()
#19 /Applications/MAMP/htdocs/endsleigh.dev/vendor/laravel/framework/src/Illuminate/Routing/Router.php(658): Illuminate\Routing\Route->run()
#20 /Applications/MAMP/htdocs/endsleigh.dev/vendor/laravel/framework/src/Illuminate/Routing/Pipeline.php(30): Illuminate\Routing\Router->Illuminate\Routing\{closure}(Object(Illuminate\Http\Request))
#21 /Applications/MAMP/htdocs/endsleigh.dev/vendor/laravel/framework/src/Illuminate/Routing/Middleware/SubstituteBindings.php(41): Illuminate\Routing\Pipeline->Illuminate\Routing\{closure}(Object(Illuminate\Http\Request))
#22 /Applications/MAMP/htdocs/endsleigh.dev/vendor/laravel/framework/src/Illuminate/Pipeline/Pipeline.php(149): Illuminate\Routing\Middleware\SubstituteBindings->handle(Object(Illuminate\Http\Request), Object(Closure))
#23 /Applications/MAMP/htdocs/endsleigh.dev/vendor/laravel/framework/src/Illuminate/Routing/Pipeline.php(53): Illuminate\Pipeline\Pipeline->Illuminate\Pipeline\{closure}(Object(Illuminate\Http\Request))
#24 /Applications/MAMP/htdocs/endsleigh.dev/vendor/laravel/framework/src/Illuminate/View/Middleware/ShareErrorsFromSession.php(49): Illuminate\Routing\Pipeline->Illuminate\Routing\{closure}(Object(Illuminate\Http\Request))
#25 /Applications/MAMP/htdocs/endsleigh.dev/vendor/laravel/framework/src/Illuminate/Pipeline/Pipeline.php(149): Illuminate\View\Middleware\ShareErrorsFromSession->handle(Object(Illuminate\Http\Request), Object(Closure))
#26 /Applications/MAMP/htdocs/endsleigh.dev/vendor/laravel/framework/src/Illuminate/Routing/Pipeline.php(53): Illuminate\Pipeline\Pipeline->Illuminate\Pipeline\{closure}(Object(Illuminate\Http\Request))
#27 /Applications/MAMP/htdocs/endsleigh.dev/vendor/laravel/framework/src/Illuminate/Session/Middleware/StartSession.php(63): Illuminate\Routing\Pipeline->Illuminate\Routing\{closure}(Object(Illuminate\Http\Request))
#28 /Applications/MAMP/htdocs/endsleigh.dev/vendor/laravel/framework/src/Illuminate/Pipeline/Pipeline.php(149): Illuminate\Session\Middleware\StartSession->handle(Object(Illuminate\Http\Request), Object(Closure))
#29 /Applications/MAMP/htdocs/endsleigh.dev/vendor/laravel/framework/src/Illuminate/Routing/Pipeline.php(53): Illuminate\Pipeline\Pipeline->Illuminate\Pipeline\{closure}(Object(Illuminate\Http\Request))
#30 /Applications/MAMP/htdocs/endsleigh.dev/vendor/laravel/framework/src/Illuminate/Cookie/Middleware/AddQueuedCookiesToResponse.php(37): Illuminate\Routing\Pipeline->Illuminate\Routing\{closure}(Object(Illuminate\Http\Request))
#31 /Applications/MAMP/htdocs/endsleigh.dev/vendor/laravel/framework/src/Illuminate/Pipeline/Pipeline.php(149): Illuminate\Cookie\Middleware\AddQueuedCookiesToResponse->handle(Object(Illuminate\Http\Request), Object(Closure))
#32 /Applications/MAMP/htdocs/endsleigh.dev/vendor/laravel/framework/src/Illuminate/Routing/Pipeline.php(53): Illuminate\Pipeline\Pipeline->Illuminate\Pipeline\{closure}(Object(Illuminate\Http\Request))
#33 /Applications/MAMP/htdocs/endsleigh.dev/vendor/laravel/framework/src/Illuminate/Cookie/Middleware/EncryptCookies.php(66): Illuminate\Routing\Pipeline->Illuminate\Routing\{closure}(Object(Illuminate\Http\Request))
#34 /Applications/MAMP/htdocs/endsleigh.dev/vendor/laravel/framework/src/Illuminate/Pipeline/Pipeline.php(149): Illuminate\Cookie\Middleware\EncryptCookies->handle(Object(Illuminate\Http\Request), Object(Closure))
#35 /Applications/MAMP/htdocs/endsleigh.dev/vendor/laravel/framework/src/Illuminate/Routing/Pipeline.php(53): Illuminate\Pipeline\Pipeline->Illuminate\Pipeline\{closure}(Object(Illuminate\Http\Request))
#36 /Applications/MAMP/htdocs/endsleigh.dev/vendor/laravel/framework/src/Illuminate/Pipeline/Pipeline.php(102): Illuminate\Routing\Pipeline->Illuminate\Routing\{closure}(Object(Illuminate\Http\Request))
#37 /Applications/MAMP/htdocs/endsleigh.dev/vendor/laravel/framework/src/Illuminate/Routing/Router.php(660): Illuminate\Pipeline\Pipeline->then(Object(Closure))
#38 /Applications/MAMP/htdocs/endsleigh.dev/vendor/laravel/framework/src/Illuminate/Routing/Router.php(635): Illuminate\Routing\Router->runRouteWithinStack(Object(Illuminate\Routing\Route), Object(Illuminate\Http\Request))
#39 /Applications/MAMP/htdocs/endsleigh.dev/vendor/laravel/framework/src/Illuminate/Routing/Router.php(601): Illuminate\Routing\Router->runRoute(Object(Illuminate\Http\Request), Object(Illuminate\Routing\Route))
#40 /Applications/MAMP/htdocs/endsleigh.dev/vendor/october/rain/src/Router/CoreRouter.php(20): Illuminate\Routing\Router->dispatchToRoute(Object(Illuminate\Http\Request))
#41 /Applications/MAMP/htdocs/endsleigh.dev/vendor/laravel/framework/src/Illuminate/Foundation/Http/Kernel.php(176): October\Rain\Router\CoreRouter->dispatch(Object(Illuminate\Http\Request))
#42 /Applications/MAMP/htdocs/endsleigh.dev/vendor/laravel/framework/src/Illuminate/Routing/Pipeline.php(30): Illuminate\Foundation\Http\Kernel->Illuminate\Foundation\Http\{closure}(Object(Illuminate\Http\Request))
#43 /Applications/MAMP/htdocs/endsleigh.dev/vendor/laravel/framework/src/Illuminate/Foundation/Http/Middleware/CheckForMaintenanceMode.php(46): Illuminate\Routing\Pipeline->Illuminate\Routing\{closure}(Object(Illuminate\Http\Request))
#44 /Applications/MAMP/htdocs/endsleigh.dev/vendor/laravel/framework/src/Illuminate/Pipeline/Pipeline.php(149): Illuminate\Foundation\Http\Middleware\CheckForMaintenanceMode->handle(Object(Illuminate\Http\Request), Object(Closure))
#45 /Applications/MAMP/htdocs/endsleigh.dev/vendor/laravel/framework/src/Illuminate/Routing/Pipeline.php(53): Illuminate\Pipeline\Pipeline->Illuminate\Pipeline\{closure}(Object(Illuminate\Http\Request))
#46 /Applications/MAMP/htdocs/endsleigh.dev/vendor/laravel/framework/src/Illuminate/Pipeline/Pipeline.php(102): Illuminate\Routing\Pipeline->Illuminate\Routing\{closure}(Object(Illuminate\Http\Request))
#47 /Applications/MAMP/htdocs/endsleigh.dev/vendor/laravel/framework/src/Illuminate/Foundation/Http/Kernel.php(151): Illuminate\Pipeline\Pipeline->then(Object(Closure))
#48 /Applications/MAMP/htdocs/endsleigh.dev/vendor/laravel/framework/src/Illuminate/Foundation/Http/Kernel.php(116): Illuminate\Foundation\Http\Kernel->sendRequestThroughRouter(Object(Illuminate\Http\Request))
#49 /Applications/MAMP/htdocs/endsleigh.dev/index.php(43): Illuminate\Foundation\Http\Kernel->handle(Object(Illuminate\Http\Request))
#50 {main}  
[2019-01-01 17:25:36] development.ERROR: Twig_Error_Syntax: Unexpected character "$" in "/Applications/MAMP/htdocs/endsleigh.dev/themes/endsleigh/partials/start-a-quote-header.htm" at line 9. in /Applications/MAMP/htdocs/endsleigh.dev/vendor/twig/twig/lib/Twig/Lexer.php:270
Stack trace:
#0 /Applications/MAMP/htdocs/endsleigh.dev/vendor/twig/twig/lib/Twig/Lexer.php(202): Twig_Lexer->lexExpression()
#1 /Applications/MAMP/htdocs/endsleigh.dev/vendor/twig/twig/lib/Twig/Lexer.php(105): Twig_Lexer->lexVar()
#2 /Applications/MAMP/htdocs/endsleigh.dev/vendor/twig/twig/lib/Twig/Environment.php(512): Twig_Lexer->tokenize(Object(Twig_Source))
#3 /Applications/MAMP/htdocs/endsleigh.dev/vendor/twig/twig/lib/Twig/Environment.php(565): Twig_Environment->tokenize(Object(Twig_Source))
#4 /Applications/MAMP/htdocs/endsleigh.dev/vendor/twig/twig/lib/Twig/Environment.php(368): Twig_Environment->compileSource(Object(Twig_Source))
#5 /Applications/MAMP/htdocs/endsleigh.dev/modules/cms/Classes/Controller.php(939): Twig_Environment->loadTemplate('/Applications/M...')
#6 /Applications/MAMP/htdocs/endsleigh.dev/plugins/rainlab/pages/classes/Snippet.php(315): Cms\Classes\Controller->renderPartial('start-a-quote-h...', Array)
#7 /Applications/MAMP/htdocs/endsleigh.dev/plugins/rainlab/pages/classes/Page.php(591): RainLab\Pages\Classes\Snippet::processPageMarkup('index.htm', Object(Cms\Classes\Theme), '<nav class="nav...')
#8 /Applications/MAMP/htdocs/endsleigh.dev/plugins/rainlab/pages/classes/Controller.php(87): RainLab\Pages\Classes\Page->getProcessedMarkup()
#9 /Applications/MAMP/htdocs/endsleigh.dev/plugins/rainlab/pages/Plugin.php(131): RainLab\Pages\Classes\Controller->getPageContents(Object(Cms\Classes\Page))
#10 [internal function]: RainLab\Pages\Plugin->RainLab\Pages\{closure}(Object(Cms\Classes\Controller), Object(Cms\Classes\Page))
#11 /Applications/MAMP/htdocs/endsleigh.dev/vendor/october/rain/src/Events/Dispatcher.php(233): call_user_func_array(Object(Closure), Array)
#12 /Applications/MAMP/htdocs/endsleigh.dev/vendor/october/rain/src/Events/Dispatcher.php(197): October\Rain\Events\Dispatcher->dispatch('cms.page.before...', Array, true)
#13 /Applications/MAMP/htdocs/endsleigh.dev/vendor/laravel/framework/src/Illuminate/Support/Facades/Facade.php(221): October\Rain\Events\Dispatcher->fire('cms.page.before...', Array, true)
#14 /Applications/MAMP/htdocs/endsleigh.dev/modules/system/Traits/EventEmitter.php(58): Illuminate\Support\Facades\Facade::__callStatic('fire', Array)
#15 /Applications/MAMP/htdocs/endsleigh.dev/modules/cms/Classes/Controller.php(350): Cms\Classes\Controller->fireSystemEvent('cms.page.before...', Array)
#16 /Applications/MAMP/htdocs/endsleigh.dev/modules/cms/Classes/Controller.php(206): Cms\Classes\Controller->runPage(Object(Cms\Classes\Page))
#17 /Applications/MAMP/htdocs/endsleigh.dev/modules/cms/Classes/CmsController.php(50): Cms\Classes\Controller->run('/')
#18 [internal function]: Cms\Classes\CmsController->run('/')
#19 /Applications/MAMP/htdocs/endsleigh.dev/vendor/laravel/framework/src/Illuminate/Routing/Controller.php(54): call_user_func_array(Array, Array)
#20 /Applications/MAMP/htdocs/endsleigh.dev/vendor/laravel/framework/src/Illuminate/Routing/ControllerDispatcher.php(45): Illuminate\Routing\Controller->callAction('run', Array)
#21 /Applications/MAMP/htdocs/endsleigh.dev/vendor/laravel/framework/src/Illuminate/Routing/Route.php(212): Illuminate\Routing\ControllerDispatcher->dispatch(Object(Illuminate\Routing\Route), Object(Cms\Classes\CmsController), 'run')
#22 /Applications/MAMP/htdocs/endsleigh.dev/vendor/laravel/framework/src/Illuminate/Routing/Route.php(169): Illuminate\Routing\Route->runController()
#23 /Applications/MAMP/htdocs/endsleigh.dev/vendor/laravel/framework/src/Illuminate/Routing/Router.php(658): Illuminate\Routing\Route->run()
#24 /Applications/MAMP/htdocs/endsleigh.dev/vendor/laravel/framework/src/Illuminate/Routing/Pipeline.php(30): Illuminate\Routing\Router->Illuminate\Routing\{closure}(Object(Illuminate\Http\Request))
#25 /Applications/MAMP/htdocs/endsleigh.dev/vendor/laravel/framework/src/Illuminate/Routing/Middleware/SubstituteBindings.php(41): Illuminate\Routing\Pipeline->Illuminate\Routing\{closure}(Object(Illuminate\Http\Request))
#26 /Applications/MAMP/htdocs/endsleigh.dev/vendor/laravel/framework/src/Illuminate/Pipeline/Pipeline.php(149): Illuminate\Routing\Middleware\SubstituteBindings->handle(Object(Illuminate\Http\Request), Object(Closure))
#27 /Applications/MAMP/htdocs/endsleigh.dev/vendor/laravel/framework/src/Illuminate/Routing/Pipeline.php(53): Illuminate\Pipeline\Pipeline->Illuminate\Pipeline\{closure}(Object(Illuminate\Http\Request))
#28 /Applications/MAMP/htdocs/endsleigh.dev/vendor/laravel/framework/src/Illuminate/View/Middleware/ShareErrorsFromSession.php(49): Illuminate\Routing\Pipeline->Illuminate\Routing\{closure}(Object(Illuminate\Http\Request))
#29 /Applications/MAMP/htdocs/endsleigh.dev/vendor/laravel/framework/src/Illuminate/Pipeline/Pipeline.php(149): Illuminate\View\Middleware\ShareErrorsFromSession->handle(Object(Illuminate\Http\Request), Object(Closure))
#30 /Applications/MAMP/htdocs/endsleigh.dev/vendor/laravel/framework/src/Illuminate/Routing/Pipeline.php(53): Illuminate\Pipeline\Pipeline->Illuminate\Pipeline\{closure}(Object(Illuminate\Http\Request))
#31 /Applications/MAMP/htdocs/endsleigh.dev/vendor/laravel/framework/src/Illuminate/Session/Middleware/StartSession.php(63): Illuminate\Routing\Pipeline->Illuminate\Routing\{closure}(Object(Illuminate\Http\Request))
#32 /Applications/MAMP/htdocs/endsleigh.dev/vendor/laravel/framework/src/Illuminate/Pipeline/Pipeline.php(149): Illuminate\Session\Middleware\StartSession->handle(Object(Illuminate\Http\Request), Object(Closure))
#33 /Applications/MAMP/htdocs/endsleigh.dev/vendor/laravel/framework/src/Illuminate/Routing/Pipeline.php(53): Illuminate\Pipeline\Pipeline->Illuminate\Pipeline\{closure}(Object(Illuminate\Http\Request))
#34 /Applications/MAMP/htdocs/endsleigh.dev/vendor/laravel/framework/src/Illuminate/Cookie/Middleware/AddQueuedCookiesToResponse.php(37): Illuminate\Routing\Pipeline->Illuminate\Routing\{closure}(Object(Illuminate\Http\Request))
#35 /Applications/MAMP/htdocs/endsleigh.dev/vendor/laravel/framework/src/Illuminate/Pipeline/Pipeline.php(149): Illuminate\Cookie\Middleware\AddQueuedCookiesToResponse->handle(Object(Illuminate\Http\Request), Object(Closure))
#36 /Applications/MAMP/htdocs/endsleigh.dev/vendor/laravel/framework/src/Illuminate/Routing/Pipeline.php(53): Illuminate\Pipeline\Pipeline->Illuminate\Pipeline\{closure}(Object(Illuminate\Http\Request))
#37 /Applications/MAMP/htdocs/endsleigh.dev/vendor/laravel/framework/src/Illuminate/Cookie/Middleware/EncryptCookies.php(66): Illuminate\Routing\Pipeline->Illuminate\Routing\{closure}(Object(Illuminate\Http\Request))
#38 /Applications/MAMP/htdocs/endsleigh.dev/vendor/laravel/framework/src/Illuminate/Pipeline/Pipeline.php(149): Illuminate\Cookie\Middleware\EncryptCookies->handle(Object(Illuminate\Http\Request), Object(Closure))
#39 /Applications/MAMP/htdocs/endsleigh.dev/vendor/laravel/framework/src/Illuminate/Routing/Pipeline.php(53): Illuminate\Pipeline\Pipeline->Illuminate\Pipeline\{closure}(Object(Illuminate\Http\Request))
#40 /Applications/MAMP/htdocs/endsleigh.dev/vendor/laravel/framework/src/Illuminate/Pipeline/Pipeline.php(102): Illuminate\Routing\Pipeline->Illuminate\Routing\{closure}(Object(Illuminate\Http\Request))
#41 /Applications/MAMP/htdocs/endsleigh.dev/vendor/laravel/framework/src/Illuminate/Routing/Router.php(660): Illuminate\Pipeline\Pipeline->then(Object(Closure))
#42 /Applications/MAMP/htdocs/endsleigh.dev/vendor/laravel/framework/src/Illuminate/Routing/Router.php(635): Illuminate\Routing\Router->runRouteWithinStack(Object(Illuminate\Routing\Route), Object(Illuminate\Http\Request))
#43 /Applications/MAMP/htdocs/endsleigh.dev/vendor/laravel/framework/src/Illuminate/Routing/Router.php(601): Illuminate\Routing\Router->runRoute(Object(Illuminate\Http\Request), Object(Illuminate\Routing\Route))
#44 /Applications/MAMP/htdocs/endsleigh.dev/vendor/october/rain/src/Router/CoreRouter.php(20): Illuminate\Routing\Router->dispatchToRoute(Object(Illuminate\Http\Request))
#45 /Applications/MAMP/htdocs/endsleigh.dev/vendor/laravel/framework/src/Illuminate/Foundation/Http/Kernel.php(176): October\Rain\Router\CoreRouter->dispatch(Object(Illuminate\Http\Request))
#46 /Applications/MAMP/htdocs/endsleigh.dev/vendor/laravel/framework/src/Illuminate/Routing/Pipeline.php(30): Illuminate\Foundation\Http\Kernel->Illuminate\Foundation\Http\{closure}(Object(Illuminate\Http\Request))
#47 /Applications/MAMP/htdocs/endsleigh.dev/vendor/laravel/framework/src/Illuminate/Foundation/Http/Middleware/CheckForMaintenanceMode.php(46): Illuminate\Routing\Pipeline->Illuminate\Routing\{closure}(Object(Illuminate\Http\Request))
#48 /Applications/MAMP/htdocs/endsleigh.dev/vendor/laravel/framework/src/Illuminate/Pipeline/Pipeline.php(149): Illuminate\Foundation\Http\Middleware\CheckForMaintenanceMode->handle(Object(Illuminate\Http\Request), Object(Closure))
#49 /Applications/MAMP/htdocs/endsleigh.dev/vendor/laravel/framework/src/Illuminate/Routing/Pipeline.php(53): Illuminate\Pipeline\Pipeline->Illuminate\Pipeline\{closure}(Object(Illuminate\Http\Request))
#50 /Applications/MAMP/htdocs/endsleigh.dev/vendor/laravel/framework/src/Illuminate/Pipeline/Pipeline.php(102): Illuminate\Routing\Pipeline->Illuminate\Routing\{closure}(Object(Illuminate\Http\Request))
#51 /Applications/MAMP/htdocs/endsleigh.dev/vendor/laravel/framework/src/Illuminate/Foundation/Http/Kernel.php(151): Illuminate\Pipeline\Pipeline->then(Object(Closure))
#52 /Applications/MAMP/htdocs/endsleigh.dev/vendor/laravel/framework/src/Illuminate/Foundation/Http/Kernel.php(116): Illuminate\Foundation\Http\Kernel->sendRequestThroughRouter(Object(Illuminate\Http\Request))
#53 /Applications/MAMP/htdocs/endsleigh.dev/index.php(43): Illuminate\Foundation\Http\Kernel->handle(Object(Illuminate\Http\Request))
#54 {main}  
[2019-01-01 18:21:53] development.ERROR: Twig_Error_Syntax: Unexpected character "$" in "/Applications/MAMP/htdocs/endsleigh.dev/themes/endsleigh/partials/ guides-module.htm" at line 7. in /Applications/MAMP/htdocs/endsleigh.dev/vendor/twig/twig/lib/Twig/Lexer.php:270
Stack trace:
#0 /Applications/MAMP/htdocs/endsleigh.dev/vendor/twig/twig/lib/Twig/Lexer.php(202): Twig_Lexer->lexExpression()
#1 /Applications/MAMP/htdocs/endsleigh.dev/vendor/twig/twig/lib/Twig/Lexer.php(105): Twig_Lexer->lexVar()
#2 /Applications/MAMP/htdocs/endsleigh.dev/vendor/twig/twig/lib/Twig/Environment.php(512): Twig_Lexer->tokenize(Object(Twig_Source))
#3 /Applications/MAMP/htdocs/endsleigh.dev/vendor/twig/twig/lib/Twig/Environment.php(565): Twig_Environment->tokenize(Object(Twig_Source))
#4 /Applications/MAMP/htdocs/endsleigh.dev/vendor/twig/twig/lib/Twig/Environment.php(368): Twig_Environment->compileSource(Object(Twig_Source))
#5 /Applications/MAMP/htdocs/endsleigh.dev/modules/cms/Classes/Controller.php(939): Twig_Environment->loadTemplate('/Applications/M...')
#6 /Applications/MAMP/htdocs/endsleigh.dev/plugins/rainlab/pages/classes/Snippet.php(315): Cms\Classes\Controller->renderPartial(' guides-module....', Array)
#7 /Applications/MAMP/htdocs/endsleigh.dev/plugins/rainlab/pages/classes/Page.php(591): RainLab\Pages\Classes\Snippet::processPageMarkup('index.htm', Object(Cms\Classes\Theme), '<nav class="nav...')
#8 /Applications/MAMP/htdocs/endsleigh.dev/plugins/rainlab/pages/classes/Controller.php(87): RainLab\Pages\Classes\Page->getProcessedMarkup()
#9 /Applications/MAMP/htdocs/endsleigh.dev/plugins/rainlab/pages/Plugin.php(131): RainLab\Pages\Classes\Controller->getPageContents(Object(Cms\Classes\Page))
#10 [internal function]: RainLab\Pages\Plugin->RainLab\Pages\{closure}(Object(Cms\Classes\Controller), Object(Cms\Classes\Page))
#11 /Applications/MAMP/htdocs/endsleigh.dev/vendor/october/rain/src/Events/Dispatcher.php(233): call_user_func_array(Object(Closure), Array)
#12 /Applications/MAMP/htdocs/endsleigh.dev/vendor/october/rain/src/Events/Dispatcher.php(197): October\Rain\Events\Dispatcher->dispatch('cms.page.before...', Array, true)
#13 /Applications/MAMP/htdocs/endsleigh.dev/vendor/laravel/framework/src/Illuminate/Support/Facades/Facade.php(221): October\Rain\Events\Dispatcher->fire('cms.page.before...', Array, true)
#14 /Applications/MAMP/htdocs/endsleigh.dev/modules/system/Traits/EventEmitter.php(58): Illuminate\Support\Facades\Facade::__callStatic('fire', Array)
#15 /Applications/MAMP/htdocs/endsleigh.dev/modules/cms/Classes/Controller.php(350): Cms\Classes\Controller->fireSystemEvent('cms.page.before...', Array)
#16 /Applications/MAMP/htdocs/endsleigh.dev/modules/cms/Classes/Controller.php(206): Cms\Classes\Controller->runPage(Object(Cms\Classes\Page))
#17 /Applications/MAMP/htdocs/endsleigh.dev/modules/cms/Classes/CmsController.php(50): Cms\Classes\Controller->run('/')
#18 [internal function]: Cms\Classes\CmsController->run('/')
#19 /Applications/MAMP/htdocs/endsleigh.dev/vendor/laravel/framework/src/Illuminate/Routing/Controller.php(54): call_user_func_array(Array, Array)
#20 /Applications/MAMP/htdocs/endsleigh.dev/vendor/laravel/framework/src/Illuminate/Routing/ControllerDispatcher.php(45): Illuminate\Routing\Controller->callAction('run', Array)
#21 /Applications/MAMP/htdocs/endsleigh.dev/vendor/laravel/framework/src/Illuminate/Routing/Route.php(212): Illuminate\Routing\ControllerDispatcher->dispatch(Object(Illuminate\Routing\Route), Object(Cms\Classes\CmsController), 'run')
#22 /Applications/MAMP/htdocs/endsleigh.dev/vendor/laravel/framework/src/Illuminate/Routing/Route.php(169): Illuminate\Routing\Route->runController()
#23 /Applications/MAMP/htdocs/endsleigh.dev/vendor/laravel/framework/src/Illuminate/Routing/Router.php(658): Illuminate\Routing\Route->run()
#24 /Applications/MAMP/htdocs/endsleigh.dev/vendor/laravel/framework/src/Illuminate/Routing/Pipeline.php(30): Illuminate\Routing\Router->Illuminate\Routing\{closure}(Object(Illuminate\Http\Request))
#25 /Applications/MAMP/htdocs/endsleigh.dev/vendor/laravel/framework/src/Illuminate/Routing/Middleware/SubstituteBindings.php(41): Illuminate\Routing\Pipeline->Illuminate\Routing\{closure}(Object(Illuminate\Http\Request))
#26 /Applications/MAMP/htdocs/endsleigh.dev/vendor/laravel/framework/src/Illuminate/Pipeline/Pipeline.php(149): Illuminate\Routing\Middleware\SubstituteBindings->handle(Object(Illuminate\Http\Request), Object(Closure))
#27 /Applications/MAMP/htdocs/endsleigh.dev/vendor/laravel/framework/src/Illuminate/Routing/Pipeline.php(53): Illuminate\Pipeline\Pipeline->Illuminate\Pipeline\{closure}(Object(Illuminate\Http\Request))
#28 /Applications/MAMP/htdocs/endsleigh.dev/vendor/laravel/framework/src/Illuminate/View/Middleware/ShareErrorsFromSession.php(49): Illuminate\Routing\Pipeline->Illuminate\Routing\{closure}(Object(Illuminate\Http\Request))
#29 /Applications/MAMP/htdocs/endsleigh.dev/vendor/laravel/framework/src/Illuminate/Pipeline/Pipeline.php(149): Illuminate\View\Middleware\ShareErrorsFromSession->handle(Object(Illuminate\Http\Request), Object(Closure))
#30 /Applications/MAMP/htdocs/endsleigh.dev/vendor/laravel/framework/src/Illuminate/Routing/Pipeline.php(53): Illuminate\Pipeline\Pipeline->Illuminate\Pipeline\{closure}(Object(Illuminate\Http\Request))
#31 /Applications/MAMP/htdocs/endsleigh.dev/vendor/laravel/framework/src/Illuminate/Session/Middleware/StartSession.php(63): Illuminate\Routing\Pipeline->Illuminate\Routing\{closure}(Object(Illuminate\Http\Request))
#32 /Applications/MAMP/htdocs/endsleigh.dev/vendor/laravel/framework/src/Illuminate/Pipeline/Pipeline.php(149): Illuminate\Session\Middleware\StartSession->handle(Object(Illuminate\Http\Request), Object(Closure))
#33 /Applications/MAMP/htdocs/endsleigh.dev/vendor/laravel/framework/src/Illuminate/Routing/Pipeline.php(53): Illuminate\Pipeline\Pipeline->Illuminate\Pipeline\{closure}(Object(Illuminate\Http\Request))
#34 /Applications/MAMP/htdocs/endsleigh.dev/vendor/laravel/framework/src/Illuminate/Cookie/Middleware/AddQueuedCookiesToResponse.php(37): Illuminate\Routing\Pipeline->Illuminate\Routing\{closure}(Object(Illuminate\Http\Request))
#35 /Applications/MAMP/htdocs/endsleigh.dev/vendor/laravel/framework/src/Illuminate/Pipeline/Pipeline.php(149): Illuminate\Cookie\Middleware\AddQueuedCookiesToResponse->handle(Object(Illuminate\Http\Request), Object(Closure))
#36 /Applications/MAMP/htdocs/endsleigh.dev/vendor/laravel/framework/src/Illuminate/Routing/Pipeline.php(53): Illuminate\Pipeline\Pipeline->Illuminate\Pipeline\{closure}(Object(Illuminate\Http\Request))
#37 /Applications/MAMP/htdocs/endsleigh.dev/vendor/laravel/framework/src/Illuminate/Cookie/Middleware/EncryptCookies.php(66): Illuminate\Routing\Pipeline->Illuminate\Routing\{closure}(Object(Illuminate\Http\Request))
#38 /Applications/MAMP/htdocs/endsleigh.dev/vendor/laravel/framework/src/Illuminate/Pipeline/Pipeline.php(149): Illuminate\Cookie\Middleware\EncryptCookies->handle(Object(Illuminate\Http\Request), Object(Closure))
#39 /Applications/MAMP/htdocs/endsleigh.dev/vendor/laravel/framework/src/Illuminate/Routing/Pipeline.php(53): Illuminate\Pipeline\Pipeline->Illuminate\Pipeline\{closure}(Object(Illuminate\Http\Request))
#40 /Applications/MAMP/htdocs/endsleigh.dev/vendor/laravel/framework/src/Illuminate/Pipeline/Pipeline.php(102): Illuminate\Routing\Pipeline->Illuminate\Routing\{closure}(Object(Illuminate\Http\Request))
#41 /Applications/MAMP/htdocs/endsleigh.dev/vendor/laravel/framework/src/Illuminate/Routing/Router.php(660): Illuminate\Pipeline\Pipeline->then(Object(Closure))
#42 /Applications/MAMP/htdocs/endsleigh.dev/vendor/laravel/framework/src/Illuminate/Routing/Router.php(635): Illuminate\Routing\Router->runRouteWithinStack(Object(Illuminate\Routing\Route), Object(Illuminate\Http\Request))
#43 /Applications/MAMP/htdocs/endsleigh.dev/vendor/laravel/framework/src/Illuminate/Routing/Router.php(601): Illuminate\Routing\Router->runRoute(Object(Illuminate\Http\Request), Object(Illuminate\Routing\Route))
#44 /Applications/MAMP/htdocs/endsleigh.dev/vendor/october/rain/src/Router/CoreRouter.php(20): Illuminate\Routing\Router->dispatchToRoute(Object(Illuminate\Http\Request))
#45 /Applications/MAMP/htdocs/endsleigh.dev/vendor/laravel/framework/src/Illuminate/Foundation/Http/Kernel.php(176): October\Rain\Router\CoreRouter->dispatch(Object(Illuminate\Http\Request))
#46 /Applications/MAMP/htdocs/endsleigh.dev/vendor/laravel/framework/src/Illuminate/Routing/Pipeline.php(30): Illuminate\Foundation\Http\Kernel->Illuminate\Foundation\Http\{closure}(Object(Illuminate\Http\Request))
#47 /Applications/MAMP/htdocs/endsleigh.dev/vendor/laravel/framework/src/Illuminate/Foundation/Http/Middleware/CheckForMaintenanceMode.php(46): Illuminate\Routing\Pipeline->Illuminate\Routing\{closure}(Object(Illuminate\Http\Request))
#48 /Applications/MAMP/htdocs/endsleigh.dev/vendor/laravel/framework/src/Illuminate/Pipeline/Pipeline.php(149): Illuminate\Foundation\Http\Middleware\CheckForMaintenanceMode->handle(Object(Illuminate\Http\Request), Object(Closure))
#49 /Applications/MAMP/htdocs/endsleigh.dev/vendor/laravel/framework/src/Illuminate/Routing/Pipeline.php(53): Illuminate\Pipeline\Pipeline->Illuminate\Pipeline\{closure}(Object(Illuminate\Http\Request))
#50 /Applications/MAMP/htdocs/endsleigh.dev/vendor/laravel/framework/src/Illuminate/Pipeline/Pipeline.php(102): Illuminate\Routing\Pipeline->Illuminate\Routing\{closure}(Object(Illuminate\Http\Request))
#51 /Applications/MAMP/htdocs/endsleigh.dev/vendor/laravel/framework/src/Illuminate/Foundation/Http/Kernel.php(151): Illuminate\Pipeline\Pipeline->then(Object(Closure))
#52 /Applications/MAMP/htdocs/endsleigh.dev/vendor/laravel/framework/src/Illuminate/Foundation/Http/Kernel.php(116): Illuminate\Foundation\Http\Kernel->sendRequestThroughRouter(Object(Illuminate\Http\Request))
#53 /Applications/MAMP/htdocs/endsleigh.dev/index.php(43): Illuminate\Foundation\Http\Kernel->handle(Object(Illuminate\Http\Request))
#54 {main}  
[2019-01-01 18:41:03] development.ERROR: Twig_Error_Syntax: Unexpected character "$" in "/Applications/MAMP/htdocs/endsleigh.dev/themes/endsleigh/partials/article-signpost-module.htm" at line 21. in /Applications/MAMP/htdocs/endsleigh.dev/vendor/twig/twig/lib/Twig/Lexer.php:270
Stack trace:
#0 /Applications/MAMP/htdocs/endsleigh.dev/vendor/twig/twig/lib/Twig/Lexer.php(202): Twig_Lexer->lexExpression()
#1 /Applications/MAMP/htdocs/endsleigh.dev/vendor/twig/twig/lib/Twig/Lexer.php(105): Twig_Lexer->lexVar()
#2 /Applications/MAMP/htdocs/endsleigh.dev/vendor/twig/twig/lib/Twig/Environment.php(512): Twig_Lexer->tokenize(Object(Twig_Source))
#3 /Applications/MAMP/htdocs/endsleigh.dev/vendor/twig/twig/lib/Twig/Environment.php(565): Twig_Environment->tokenize(Object(Twig_Source))
#4 /Applications/MAMP/htdocs/endsleigh.dev/vendor/twig/twig/lib/Twig/Environment.php(368): Twig_Environment->compileSource(Object(Twig_Source))
#5 /Applications/MAMP/htdocs/endsleigh.dev/modules/cms/Classes/Controller.php(939): Twig_Environment->loadTemplate('/Applications/M...')
#6 /Applications/MAMP/htdocs/endsleigh.dev/plugins/rainlab/pages/classes/Snippet.php(315): Cms\Classes\Controller->renderPartial('article-signpos...', Array)
#7 /Applications/MAMP/htdocs/endsleigh.dev/plugins/rainlab/pages/classes/Page.php(591): RainLab\Pages\Classes\Snippet::processPageMarkup('index.htm', Object(Cms\Classes\Theme), '<nav class="nav...')
#8 /Applications/MAMP/htdocs/endsleigh.dev/plugins/rainlab/pages/classes/Controller.php(87): RainLab\Pages\Classes\Page->getProcessedMarkup()
#9 /Applications/MAMP/htdocs/endsleigh.dev/plugins/rainlab/pages/Plugin.php(131): RainLab\Pages\Classes\Controller->getPageContents(Object(Cms\Classes\Page))
#10 [internal function]: RainLab\Pages\Plugin->RainLab\Pages\{closure}(Object(Cms\Classes\Controller), Object(Cms\Classes\Page))
#11 /Applications/MAMP/htdocs/endsleigh.dev/vendor/october/rain/src/Events/Dispatcher.php(233): call_user_func_array(Object(Closure), Array)
#12 /Applications/MAMP/htdocs/endsleigh.dev/vendor/october/rain/src/Events/Dispatcher.php(197): October\Rain\Events\Dispatcher->dispatch('cms.page.before...', Array, true)
#13 /Applications/MAMP/htdocs/endsleigh.dev/vendor/laravel/framework/src/Illuminate/Support/Facades/Facade.php(221): October\Rain\Events\Dispatcher->fire('cms.page.before...', Array, true)
#14 /Applications/MAMP/htdocs/endsleigh.dev/modules/system/Traits/EventEmitter.php(58): Illuminate\Support\Facades\Facade::__callStatic('fire', Array)
#15 /Applications/MAMP/htdocs/endsleigh.dev/modules/cms/Classes/Controller.php(350): Cms\Classes\Controller->fireSystemEvent('cms.page.before...', Array)
#16 /Applications/MAMP/htdocs/endsleigh.dev/modules/cms/Classes/Controller.php(206): Cms\Classes\Controller->runPage(Object(Cms\Classes\Page))
#17 /Applications/MAMP/htdocs/endsleigh.dev/modules/cms/Classes/CmsController.php(50): Cms\Classes\Controller->run('/')
#18 [internal function]: Cms\Classes\CmsController->run('/')
#19 /Applications/MAMP/htdocs/endsleigh.dev/vendor/laravel/framework/src/Illuminate/Routing/Controller.php(54): call_user_func_array(Array, Array)
#20 /Applications/MAMP/htdocs/endsleigh.dev/vendor/laravel/framework/src/Illuminate/Routing/ControllerDispatcher.php(45): Illuminate\Routing\Controller->callAction('run', Array)
#21 /Applications/MAMP/htdocs/endsleigh.dev/vendor/laravel/framework/src/Illuminate/Routing/Route.php(212): Illuminate\Routing\ControllerDispatcher->dispatch(Object(Illuminate\Routing\Route), Object(Cms\Classes\CmsController), 'run')
#22 /Applications/MAMP/htdocs/endsleigh.dev/vendor/laravel/framework/src/Illuminate/Routing/Route.php(169): Illuminate\Routing\Route->runController()
#23 /Applications/MAMP/htdocs/endsleigh.dev/vendor/laravel/framework/src/Illuminate/Routing/Router.php(658): Illuminate\Routing\Route->run()
#24 /Applications/MAMP/htdocs/endsleigh.dev/vendor/laravel/framework/src/Illuminate/Routing/Pipeline.php(30): Illuminate\Routing\Router->Illuminate\Routing\{closure}(Object(Illuminate\Http\Request))
#25 /Applications/MAMP/htdocs/endsleigh.dev/vendor/laravel/framework/src/Illuminate/Routing/Middleware/SubstituteBindings.php(41): Illuminate\Routing\Pipeline->Illuminate\Routing\{closure}(Object(Illuminate\Http\Request))
#26 /Applications/MAMP/htdocs/endsleigh.dev/vendor/laravel/framework/src/Illuminate/Pipeline/Pipeline.php(149): Illuminate\Routing\Middleware\SubstituteBindings->handle(Object(Illuminate\Http\Request), Object(Closure))
#27 /Applications/MAMP/htdocs/endsleigh.dev/vendor/laravel/framework/src/Illuminate/Routing/Pipeline.php(53): Illuminate\Pipeline\Pipeline->Illuminate\Pipeline\{closure}(Object(Illuminate\Http\Request))
#28 /Applications/MAMP/htdocs/endsleigh.dev/vendor/laravel/framework/src/Illuminate/View/Middleware/ShareErrorsFromSession.php(49): Illuminate\Routing\Pipeline->Illuminate\Routing\{closure}(Object(Illuminate\Http\Request))
#29 /Applications/MAMP/htdocs/endsleigh.dev/vendor/laravel/framework/src/Illuminate/Pipeline/Pipeline.php(149): Illuminate\View\Middleware\ShareErrorsFromSession->handle(Object(Illuminate\Http\Request), Object(Closure))
#30 /Applications/MAMP/htdocs/endsleigh.dev/vendor/laravel/framework/src/Illuminate/Routing/Pipeline.php(53): Illuminate\Pipeline\Pipeline->Illuminate\Pipeline\{closure}(Object(Illuminate\Http\Request))
#31 /Applications/MAMP/htdocs/endsleigh.dev/vendor/laravel/framework/src/Illuminate/Session/Middleware/StartSession.php(63): Illuminate\Routing\Pipeline->Illuminate\Routing\{closure}(Object(Illuminate\Http\Request))
#32 /Applications/MAMP/htdocs/endsleigh.dev/vendor/laravel/framework/src/Illuminate/Pipeline/Pipeline.php(149): Illuminate\Session\Middleware\StartSession->handle(Object(Illuminate\Http\Request), Object(Closure))
#33 /Applications/MAMP/htdocs/endsleigh.dev/vendor/laravel/framework/src/Illuminate/Routing/Pipeline.php(53): Illuminate\Pipeline\Pipeline->Illuminate\Pipeline\{closure}(Object(Illuminate\Http\Request))
#34 /Applications/MAMP/htdocs/endsleigh.dev/vendor/laravel/framework/src/Illuminate/Cookie/Middleware/AddQueuedCookiesToResponse.php(37): Illuminate\Routing\Pipeline->Illuminate\Routing\{closure}(Object(Illuminate\Http\Request))
#35 /Applications/MAMP/htdocs/endsleigh.dev/vendor/laravel/framework/src/Illuminate/Pipeline/Pipeline.php(149): Illuminate\Cookie\Middleware\AddQueuedCookiesToResponse->handle(Object(Illuminate\Http\Request), Object(Closure))
#36 /Applications/MAMP/htdocs/endsleigh.dev/vendor/laravel/framework/src/Illuminate/Routing/Pipeline.php(53): Illuminate\Pipeline\Pipeline->Illuminate\Pipeline\{closure}(Object(Illuminate\Http\Request))
#37 /Applications/MAMP/htdocs/endsleigh.dev/vendor/laravel/framework/src/Illuminate/Cookie/Middleware/EncryptCookies.php(66): Illuminate\Routing\Pipeline->Illuminate\Routing\{closure}(Object(Illuminate\Http\Request))
#38 /Applications/MAMP/htdocs/endsleigh.dev/vendor/laravel/framework/src/Illuminate/Pipeline/Pipeline.php(149): Illuminate\Cookie\Middleware\EncryptCookies->handle(Object(Illuminate\Http\Request), Object(Closure))
#39 /Applications/MAMP/htdocs/endsleigh.dev/vendor/laravel/framework/src/Illuminate/Routing/Pipeline.php(53): Illuminate\Pipeline\Pipeline->Illuminate\Pipeline\{closure}(Object(Illuminate\Http\Request))
#40 /Applications/MAMP/htdocs/endsleigh.dev/vendor/laravel/framework/src/Illuminate/Pipeline/Pipeline.php(102): Illuminate\Routing\Pipeline->Illuminate\Routing\{closure}(Object(Illuminate\Http\Request))
#41 /Applications/MAMP/htdocs/endsleigh.dev/vendor/laravel/framework/src/Illuminate/Routing/Router.php(660): Illuminate\Pipeline\Pipeline->then(Object(Closure))
#42 /Applications/MAMP/htdocs/endsleigh.dev/vendor/laravel/framework/src/Illuminate/Routing/Router.php(635): Illuminate\Routing\Router->runRouteWithinStack(Object(Illuminate\Routing\Route), Object(Illuminate\Http\Request))
#43 /Applications/MAMP/htdocs/endsleigh.dev/vendor/laravel/framework/src/Illuminate/Routing/Router.php(601): Illuminate\Routing\Router->runRoute(Object(Illuminate\Http\Request), Object(Illuminate\Routing\Route))
#44 /Applications/MAMP/htdocs/endsleigh.dev/vendor/october/rain/src/Router/CoreRouter.php(20): Illuminate\Routing\Router->dispatchToRoute(Object(Illuminate\Http\Request))
#45 /Applications/MAMP/htdocs/endsleigh.dev/vendor/laravel/framework/src/Illuminate/Foundation/Http/Kernel.php(176): October\Rain\Router\CoreRouter->dispatch(Object(Illuminate\Http\Request))
#46 /Applications/MAMP/htdocs/endsleigh.dev/vendor/laravel/framework/src/Illuminate/Routing/Pipeline.php(30): Illuminate\Foundation\Http\Kernel->Illuminate\Foundation\Http\{closure}(Object(Illuminate\Http\Request))
#47 /Applications/MAMP/htdocs/endsleigh.dev/vendor/laravel/framework/src/Illuminate/Foundation/Http/Middleware/CheckForMaintenanceMode.php(46): Illuminate\Routing\Pipeline->Illuminate\Routing\{closure}(Object(Illuminate\Http\Request))
#48 /Applications/MAMP/htdocs/endsleigh.dev/vendor/laravel/framework/src/Illuminate/Pipeline/Pipeline.php(149): Illuminate\Foundation\Http\Middleware\CheckForMaintenanceMode->handle(Object(Illuminate\Http\Request), Object(Closure))
#49 /Applications/MAMP/htdocs/endsleigh.dev/vendor/laravel/framework/src/Illuminate/Routing/Pipeline.php(53): Illuminate\Pipeline\Pipeline->Illuminate\Pipeline\{closure}(Object(Illuminate\Http\Request))
#50 /Applications/MAMP/htdocs/endsleigh.dev/vendor/laravel/framework/src/Illuminate/Pipeline/Pipeline.php(102): Illuminate\Routing\Pipeline->Illuminate\Routing\{closure}(Object(Illuminate\Http\Request))
#51 /Applications/MAMP/htdocs/endsleigh.dev/vendor/laravel/framework/src/Illuminate/Foundation/Http/Kernel.php(151): Illuminate\Pipeline\Pipeline->then(Object(Closure))
#52 /Applications/MAMP/htdocs/endsleigh.dev/vendor/laravel/framework/src/Illuminate/Foundation/Http/Kernel.php(116): Illuminate\Foundation\Http\Kernel->sendRequestThroughRouter(Object(Illuminate\Http\Request))
#53 /Applications/MAMP/htdocs/endsleigh.dev/index.php(43): Illuminate\Foundation\Http\Kernel->handle(Object(Illuminate\Http\Request))
#54 {main}  
[2019-01-01 18:41:22] development.ERROR: Twig_Error_Syntax: Unexpected character "$" in "/Applications/MAMP/htdocs/endsleigh.dev/themes/endsleigh/partials/article-signpost-module.htm" at line 19. in /Applications/MAMP/htdocs/endsleigh.dev/vendor/twig/twig/lib/Twig/Lexer.php:270
Stack trace:
#0 /Applications/MAMP/htdocs/endsleigh.dev/vendor/twig/twig/lib/Twig/Lexer.php(202): Twig_Lexer->lexExpression()
#1 /Applications/MAMP/htdocs/endsleigh.dev/vendor/twig/twig/lib/Twig/Lexer.php(105): Twig_Lexer->lexVar()
#2 /Applications/MAMP/htdocs/endsleigh.dev/vendor/twig/twig/lib/Twig/Environment.php(512): Twig_Lexer->tokenize(Object(Twig_Source))
#3 /Applications/MAMP/htdocs/endsleigh.dev/vendor/twig/twig/lib/Twig/Environment.php(565): Twig_Environment->tokenize(Object(Twig_Source))
#4 /Applications/MAMP/htdocs/endsleigh.dev/vendor/twig/twig/lib/Twig/Environment.php(368): Twig_Environment->compileSource(Object(Twig_Source))
#5 /Applications/MAMP/htdocs/endsleigh.dev/modules/cms/Classes/Controller.php(939): Twig_Environment->loadTemplate('/Applications/M...')
#6 /Applications/MAMP/htdocs/endsleigh.dev/plugins/rainlab/pages/classes/Snippet.php(315): Cms\Classes\Controller->renderPartial('article-signpos...', Array)
#7 /Applications/MAMP/htdocs/endsleigh.dev/plugins/rainlab/pages/classes/Page.php(591): RainLab\Pages\Classes\Snippet::processPageMarkup('index.htm', Object(Cms\Classes\Theme), '<nav class="nav...')
#8 /Applications/MAMP/htdocs/endsleigh.dev/plugins/rainlab/pages/classes/Controller.php(87): RainLab\Pages\Classes\Page->getProcessedMarkup()
#9 /Applications/MAMP/htdocs/endsleigh.dev/plugins/rainlab/pages/Plugin.php(131): RainLab\Pages\Classes\Controller->getPageContents(Object(Cms\Classes\Page))
#10 [internal function]: RainLab\Pages\Plugin->RainLab\Pages\{closure}(Object(Cms\Classes\Controller), Object(Cms\Classes\Page))
#11 /Applications/MAMP/htdocs/endsleigh.dev/vendor/october/rain/src/Events/Dispatcher.php(233): call_user_func_array(Object(Closure), Array)
#12 /Applications/MAMP/htdocs/endsleigh.dev/vendor/october/rain/src/Events/Dispatcher.php(197): October\Rain\Events\Dispatcher->dispatch('cms.page.before...', Array, true)
#13 /Applications/MAMP/htdocs/endsleigh.dev/vendor/laravel/framework/src/Illuminate/Support/Facades/Facade.php(221): October\Rain\Events\Dispatcher->fire('cms.page.before...', Array, true)
#14 /Applications/MAMP/htdocs/endsleigh.dev/modules/system/Traits/EventEmitter.php(58): Illuminate\Support\Facades\Facade::__callStatic('fire', Array)
#15 /Applications/MAMP/htdocs/endsleigh.dev/modules/cms/Classes/Controller.php(350): Cms\Classes\Controller->fireSystemEvent('cms.page.before...', Array)
#16 /Applications/MAMP/htdocs/endsleigh.dev/modules/cms/Classes/Controller.php(206): Cms\Classes\Controller->runPage(Object(Cms\Classes\Page))
#17 /Applications/MAMP/htdocs/endsleigh.dev/modules/cms/Classes/CmsController.php(50): Cms\Classes\Controller->run('/')
#18 [internal function]: Cms\Classes\CmsController->run('/')
#19 /Applications/MAMP/htdocs/endsleigh.dev/vendor/laravel/framework/src/Illuminate/Routing/Controller.php(54): call_user_func_array(Array, Array)
#20 /Applications/MAMP/htdocs/endsleigh.dev/vendor/laravel/framework/src/Illuminate/Routing/ControllerDispatcher.php(45): Illuminate\Routing\Controller->callAction('run', Array)
#21 /Applications/MAMP/htdocs/endsleigh.dev/vendor/laravel/framework/src/Illuminate/Routing/Route.php(212): Illuminate\Routing\ControllerDispatcher->dispatch(Object(Illuminate\Routing\Route), Object(Cms\Classes\CmsController), 'run')
#22 /Applications/MAMP/htdocs/endsleigh.dev/vendor/laravel/framework/src/Illuminate/Routing/Route.php(169): Illuminate\Routing\Route->runController()
#23 /Applications/MAMP/htdocs/endsleigh.dev/vendor/laravel/framework/src/Illuminate/Routing/Router.php(658): Illuminate\Routing\Route->run()
#24 /Applications/MAMP/htdocs/endsleigh.dev/vendor/laravel/framework/src/Illuminate/Routing/Pipeline.php(30): Illuminate\Routing\Router->Illuminate\Routing\{closure}(Object(Illuminate\Http\Request))
#25 /Applications/MAMP/htdocs/endsleigh.dev/vendor/laravel/framework/src/Illuminate/Routing/Middleware/SubstituteBindings.php(41): Illuminate\Routing\Pipeline->Illuminate\Routing\{closure}(Object(Illuminate\Http\Request))
#26 /Applications/MAMP/htdocs/endsleigh.dev/vendor/laravel/framework/src/Illuminate/Pipeline/Pipeline.php(149): Illuminate\Routing\Middleware\SubstituteBindings->handle(Object(Illuminate\Http\Request), Object(Closure))
#27 /Applications/MAMP/htdocs/endsleigh.dev/vendor/laravel/framework/src/Illuminate/Routing/Pipeline.php(53): Illuminate\Pipeline\Pipeline->Illuminate\Pipeline\{closure}(Object(Illuminate\Http\Request))
#28 /Applications/MAMP/htdocs/endsleigh.dev/vendor/laravel/framework/src/Illuminate/View/Middleware/ShareErrorsFromSession.php(49): Illuminate\Routing\Pipeline->Illuminate\Routing\{closure}(Object(Illuminate\Http\Request))
#29 /Applications/MAMP/htdocs/endsleigh.dev/vendor/laravel/framework/src/Illuminate/Pipeline/Pipeline.php(149): Illuminate\View\Middleware\ShareErrorsFromSession->handle(Object(Illuminate\Http\Request), Object(Closure))
#30 /Applications/MAMP/htdocs/endsleigh.dev/vendor/laravel/framework/src/Illuminate/Routing/Pipeline.php(53): Illuminate\Pipeline\Pipeline->Illuminate\Pipeline\{closure}(Object(Illuminate\Http\Request))
#31 /Applications/MAMP/htdocs/endsleigh.dev/vendor/laravel/framework/src/Illuminate/Session/Middleware/StartSession.php(63): Illuminate\Routing\Pipeline->Illuminate\Routing\{closure}(Object(Illuminate\Http\Request))
#32 /Applications/MAMP/htdocs/endsleigh.dev/vendor/laravel/framework/src/Illuminate/Pipeline/Pipeline.php(149): Illuminate\Session\Middleware\StartSession->handle(Object(Illuminate\Http\Request), Object(Closure))
#33 /Applications/MAMP/htdocs/endsleigh.dev/vendor/laravel/framework/src/Illuminate/Routing/Pipeline.php(53): Illuminate\Pipeline\Pipeline->Illuminate\Pipeline\{closure}(Object(Illuminate\Http\Request))
#34 /Applications/MAMP/htdocs/endsleigh.dev/vendor/laravel/framework/src/Illuminate/Cookie/Middleware/AddQueuedCookiesToResponse.php(37): Illuminate\Routing\Pipeline->Illuminate\Routing\{closure}(Object(Illuminate\Http\Request))
#35 /Applications/MAMP/htdocs/endsleigh.dev/vendor/laravel/framework/src/Illuminate/Pipeline/Pipeline.php(149): Illuminate\Cookie\Middleware\AddQueuedCookiesToResponse->handle(Object(Illuminate\Http\Request), Object(Closure))
#36 /Applications/MAMP/htdocs/endsleigh.dev/vendor/laravel/framework/src/Illuminate/Routing/Pipeline.php(53): Illuminate\Pipeline\Pipeline->Illuminate\Pipeline\{closure}(Object(Illuminate\Http\Request))
#37 /Applications/MAMP/htdocs/endsleigh.dev/vendor/laravel/framework/src/Illuminate/Cookie/Middleware/EncryptCookies.php(66): Illuminate\Routing\Pipeline->Illuminate\Routing\{closure}(Object(Illuminate\Http\Request))
#38 /Applications/MAMP/htdocs/endsleigh.dev/vendor/laravel/framework/src/Illuminate/Pipeline/Pipeline.php(149): Illuminate\Cookie\Middleware\EncryptCookies->handle(Object(Illuminate\Http\Request), Object(Closure))
#39 /Applications/MAMP/htdocs/endsleigh.dev/vendor/laravel/framework/src/Illuminate/Routing/Pipeline.php(53): Illuminate\Pipeline\Pipeline->Illuminate\Pipeline\{closure}(Object(Illuminate\Http\Request))
#40 /Applications/MAMP/htdocs/endsleigh.dev/vendor/laravel/framework/src/Illuminate/Pipeline/Pipeline.php(102): Illuminate\Routing\Pipeline->Illuminate\Routing\{closure}(Object(Illuminate\Http\Request))
#41 /Applications/MAMP/htdocs/endsleigh.dev/vendor/laravel/framework/src/Illuminate/Routing/Router.php(660): Illuminate\Pipeline\Pipeline->then(Object(Closure))
#42 /Applications/MAMP/htdocs/endsleigh.dev/vendor/laravel/framework/src/Illuminate/Routing/Router.php(635): Illuminate\Routing\Router->runRouteWithinStack(Object(Illuminate\Routing\Route), Object(Illuminate\Http\Request))
#43 /Applications/MAMP/htdocs/endsleigh.dev/vendor/laravel/framework/src/Illuminate/Routing/Router.php(601): Illuminate\Routing\Router->runRoute(Object(Illuminate\Http\Request), Object(Illuminate\Routing\Route))
#44 /Applications/MAMP/htdocs/endsleigh.dev/vendor/october/rain/src/Router/CoreRouter.php(20): Illuminate\Routing\Router->dispatchToRoute(Object(Illuminate\Http\Request))
#45 /Applications/MAMP/htdocs/endsleigh.dev/vendor/laravel/framework/src/Illuminate/Foundation/Http/Kernel.php(176): October\Rain\Router\CoreRouter->dispatch(Object(Illuminate\Http\Request))
#46 /Applications/MAMP/htdocs/endsleigh.dev/vendor/laravel/framework/src/Illuminate/Routing/Pipeline.php(30): Illuminate\Foundation\Http\Kernel->Illuminate\Foundation\Http\{closure}(Object(Illuminate\Http\Request))
#47 /Applications/MAMP/htdocs/endsleigh.dev/vendor/laravel/framework/src/Illuminate/Foundation/Http/Middleware/CheckForMaintenanceMode.php(46): Illuminate\Routing\Pipeline->Illuminate\Routing\{closure}(Object(Illuminate\Http\Request))
#48 /Applications/MAMP/htdocs/endsleigh.dev/vendor/laravel/framework/src/Illuminate/Pipeline/Pipeline.php(149): Illuminate\Foundation\Http\Middleware\CheckForMaintenanceMode->handle(Object(Illuminate\Http\Request), Object(Closure))
#49 /Applications/MAMP/htdocs/endsleigh.dev/vendor/laravel/framework/src/Illuminate/Routing/Pipeline.php(53): Illuminate\Pipeline\Pipeline->Illuminate\Pipeline\{closure}(Object(Illuminate\Http\Request))
#50 /Applications/MAMP/htdocs/endsleigh.dev/vendor/laravel/framework/src/Illuminate/Pipeline/Pipeline.php(102): Illuminate\Routing\Pipeline->Illuminate\Routing\{closure}(Object(Illuminate\Http\Request))
#51 /Applications/MAMP/htdocs/endsleigh.dev/vendor/laravel/framework/src/Illuminate/Foundation/Http/Kernel.php(151): Illuminate\Pipeline\Pipeline->then(Object(Closure))
#52 /Applications/MAMP/htdocs/endsleigh.dev/vendor/laravel/framework/src/Illuminate/Foundation/Http/Kernel.php(116): Illuminate\Foundation\Http\Kernel->sendRequestThroughRouter(Object(Illuminate\Http\Request))
#53 /Applications/MAMP/htdocs/endsleigh.dev/index.php(43): Illuminate\Foundation\Http\Kernel->handle(Object(Illuminate\Http\Request))
#54 {main}  
[2019-01-04 16:19:50] development.ERROR: Twig_Error_Syntax: Unexpected token "operator" of value "!=" in "/Users/asif/Desktop/mydev/local/mbs/endsleigh.dev/themes/endsleigh/partials/endsleigh-nudge.htm" at line 15. in /Users/asif/Desktop/mydev/local/mbs/endsleigh.dev/vendor/twig/twig/lib/Twig/ExpressionParser.php:201
Stack trace:
#0 /Users/asif/Desktop/mydev/local/mbs/endsleigh.dev/vendor/twig/twig/lib/Twig/ExpressionParser.php(92): Twig_ExpressionParser->parsePrimaryExpression()
#1 /Users/asif/Desktop/mydev/local/mbs/endsleigh.dev/vendor/twig/twig/lib/Twig/ExpressionParser.php(45): Twig_ExpressionParser->getPrimary()
#2 /Users/asif/Desktop/mydev/local/mbs/endsleigh.dev/vendor/twig/twig/lib/Twig/TokenParser/If.php(31): Twig_ExpressionParser->parseExpression()
#3 /Users/asif/Desktop/mydev/local/mbs/endsleigh.dev/vendor/twig/twig/lib/Twig/Parser.php(168): Twig_TokenParser_If->parse(Object(Twig_Token))
#4 /Users/asif/Desktop/mydev/local/mbs/endsleigh.dev/vendor/twig/twig/lib/Twig/Parser.php(81): Twig_Parser->subparse(NULL, false)
#5 /Users/asif/Desktop/mydev/local/mbs/endsleigh.dev/vendor/twig/twig/lib/Twig/Environment.php(533): Twig_Parser->parse(Object(Twig_TokenStream))
#6 /Users/asif/Desktop/mydev/local/mbs/endsleigh.dev/vendor/twig/twig/lib/Twig/Environment.php(565): Twig_Environment->parse(Object(Twig_TokenStream))
#7 /Users/asif/Desktop/mydev/local/mbs/endsleigh.dev/vendor/twig/twig/lib/Twig/Environment.php(368): Twig_Environment->compileSource(Object(Twig_Source))
#8 /Users/asif/Desktop/mydev/local/mbs/endsleigh.dev/modules/cms/Classes/Controller.php(939): Twig_Environment->loadTemplate('/Users/asif/Des...')
#9 /Users/asif/Desktop/mydev/local/mbs/endsleigh.dev/plugins/rainlab/pages/classes/Snippet.php(315): Cms\Classes\Controller->renderPartial('endsleigh-nudge...', Array)
#10 /Users/asif/Desktop/mydev/local/mbs/endsleigh.dev/plugins/rainlab/pages/classes/Page.php(591): RainLab\Pages\Classes\Snippet::processPageMarkup('students-and-ed...', Object(Cms\Classes\Theme), '<section class=...')
#11 /Users/asif/Desktop/mydev/local/mbs/endsleigh.dev/plugins/rainlab/pages/classes/Controller.php(87): RainLab\Pages\Classes\Page->getProcessedMarkup()
#12 /Users/asif/Desktop/mydev/local/mbs/endsleigh.dev/plugins/rainlab/pages/Plugin.php(131): RainLab\Pages\Classes\Controller->getPageContents(Object(Cms\Classes\Page))
#13 [internal function]: RainLab\Pages\Plugin->RainLab\Pages\{closure}(Object(Cms\Classes\Controller), Object(Cms\Classes\Page))
#14 /Users/asif/Desktop/mydev/local/mbs/endsleigh.dev/vendor/october/rain/src/Events/Dispatcher.php(233): call_user_func_array(Object(Closure), Array)
#15 /Users/asif/Desktop/mydev/local/mbs/endsleigh.dev/vendor/october/rain/src/Events/Dispatcher.php(197): October\Rain\Events\Dispatcher->dispatch('cms.page.before...', Array, true)
#16 /Users/asif/Desktop/mydev/local/mbs/endsleigh.dev/vendor/laravel/framework/src/Illuminate/Support/Facades/Facade.php(221): October\Rain\Events\Dispatcher->fire('cms.page.before...', Array, true)
#17 /Users/asif/Desktop/mydev/local/mbs/endsleigh.dev/modules/system/Traits/EventEmitter.php(58): Illuminate\Support\Facades\Facade::__callStatic('fire', Array)
#18 /Users/asif/Desktop/mydev/local/mbs/endsleigh.dev/modules/cms/Classes/Controller.php(350): Cms\Classes\Controller->fireSystemEvent('cms.page.before...', Array)
#19 /Users/asif/Desktop/mydev/local/mbs/endsleigh.dev/modules/cms/Classes/Controller.php(206): Cms\Classes\Controller->runPage(Object(Cms\Classes\Page))
#20 /Users/asif/Desktop/mydev/local/mbs/endsleigh.dev/modules/cms/Classes/CmsController.php(50): Cms\Classes\Controller->run('students-and-ed...')
#21 [internal function]: Cms\Classes\CmsController->run('students-and-ed...')
#22 /Users/asif/Desktop/mydev/local/mbs/endsleigh.dev/vendor/laravel/framework/src/Illuminate/Routing/Controller.php(54): call_user_func_array(Array, Array)
#23 /Users/asif/Desktop/mydev/local/mbs/endsleigh.dev/vendor/laravel/framework/src/Illuminate/Routing/ControllerDispatcher.php(45): Illuminate\Routing\Controller->callAction('run', Array)
#24 /Users/asif/Desktop/mydev/local/mbs/endsleigh.dev/vendor/laravel/framework/src/Illuminate/Routing/Route.php(212): Illuminate\Routing\ControllerDispatcher->dispatch(Object(Illuminate\Routing\Route), Object(Cms\Classes\CmsController), 'run')
#25 /Users/asif/Desktop/mydev/local/mbs/endsleigh.dev/vendor/laravel/framework/src/Illuminate/Routing/Route.php(169): Illuminate\Routing\Route->runController()
#26 /Users/asif/Desktop/mydev/local/mbs/endsleigh.dev/vendor/laravel/framework/src/Illuminate/Routing/Router.php(658): Illuminate\Routing\Route->run()
#27 /Users/asif/Desktop/mydev/local/mbs/endsleigh.dev/vendor/laravel/framework/src/Illuminate/Routing/Pipeline.php(30): Illuminate\Routing\Router->Illuminate\Routing\{closure}(Object(Illuminate\Http\Request))
#28 /Users/asif/Desktop/mydev/local/mbs/endsleigh.dev/vendor/laravel/framework/src/Illuminate/Routing/Middleware/SubstituteBindings.php(41): Illuminate\Routing\Pipeline->Illuminate\Routing\{closure}(Object(Illuminate\Http\Request))
#29 /Users/asif/Desktop/mydev/local/mbs/endsleigh.dev/vendor/laravel/framework/src/Illuminate/Pipeline/Pipeline.php(149): Illuminate\Routing\Middleware\SubstituteBindings->handle(Object(Illuminate\Http\Request), Object(Closure))
#30 /Users/asif/Desktop/mydev/local/mbs/endsleigh.dev/vendor/laravel/framework/src/Illuminate/Routing/Pipeline.php(53): Illuminate\Pipeline\Pipeline->Illuminate\Pipeline\{closure}(Object(Illuminate\Http\Request))
#31 /Users/asif/Desktop/mydev/local/mbs/endsleigh.dev/vendor/laravel/framework/src/Illuminate/View/Middleware/ShareErrorsFromSession.php(49): Illuminate\Routing\Pipeline->Illuminate\Routing\{closure}(Object(Illuminate\Http\Request))
#32 /Users/asif/Desktop/mydev/local/mbs/endsleigh.dev/vendor/laravel/framework/src/Illuminate/Pipeline/Pipeline.php(149): Illuminate\View\Middleware\ShareErrorsFromSession->handle(Object(Illuminate\Http\Request), Object(Closure))
#33 /Users/asif/Desktop/mydev/local/mbs/endsleigh.dev/vendor/laravel/framework/src/Illuminate/Routing/Pipeline.php(53): Illuminate\Pipeline\Pipeline->Illuminate\Pipeline\{closure}(Object(Illuminate\Http\Request))
#34 /Users/asif/Desktop/mydev/local/mbs/endsleigh.dev/vendor/laravel/framework/src/Illuminate/Session/Middleware/StartSession.php(63): Illuminate\Routing\Pipeline->Illuminate\Routing\{closure}(Object(Illuminate\Http\Request))
#35 /Users/asif/Desktop/mydev/local/mbs/endsleigh.dev/vendor/laravel/framework/src/Illuminate/Pipeline/Pipeline.php(149): Illuminate\Session\Middleware\StartSession->handle(Object(Illuminate\Http\Request), Object(Closure))
#36 /Users/asif/Desktop/mydev/local/mbs/endsleigh.dev/vendor/laravel/framework/src/Illuminate/Routing/Pipeline.php(53): Illuminate\Pipeline\Pipeline->Illuminate\Pipeline\{closure}(Object(Illuminate\Http\Request))
#37 /Users/asif/Desktop/mydev/local/mbs/endsleigh.dev/vendor/laravel/framework/src/Illuminate/Cookie/Middleware/AddQueuedCookiesToResponse.php(37): Illuminate\Routing\Pipeline->Illuminate\Routing\{closure}(Object(Illuminate\Http\Request))
#38 /Users/asif/Desktop/mydev/local/mbs/endsleigh.dev/vendor/laravel/framework/src/Illuminate/Pipeline/Pipeline.php(149): Illuminate\Cookie\Middleware\AddQueuedCookiesToResponse->handle(Object(Illuminate\Http\Request), Object(Closure))
#39 /Users/asif/Desktop/mydev/local/mbs/endsleigh.dev/vendor/laravel/framework/src/Illuminate/Routing/Pipeline.php(53): Illuminate\Pipeline\Pipeline->Illuminate\Pipeline\{closure}(Object(Illuminate\Http\Request))
#40 /Users/asif/Desktop/mydev/local/mbs/endsleigh.dev/vendor/laravel/framework/src/Illuminate/Cookie/Middleware/EncryptCookies.php(66): Illuminate\Routing\Pipeline->Illuminate\Routing\{closure}(Object(Illuminate\Http\Request))
#41 /Users/asif/Desktop/mydev/local/mbs/endsleigh.dev/vendor/laravel/framework/src/Illuminate/Pipeline/Pipeline.php(149): Illuminate\Cookie\Middleware\EncryptCookies->handle(Object(Illuminate\Http\Request), Object(Closure))
#42 /Users/asif/Desktop/mydev/local/mbs/endsleigh.dev/vendor/laravel/framework/src/Illuminate/Routing/Pipeline.php(53): Illuminate\Pipeline\Pipeline->Illuminate\Pipeline\{closure}(Object(Illuminate\Http\Request))
#43 /Users/asif/Desktop/mydev/local/mbs/endsleigh.dev/vendor/laravel/framework/src/Illuminate/Pipeline/Pipeline.php(102): Illuminate\Routing\Pipeline->Illuminate\Routing\{closure}(Object(Illuminate\Http\Request))
#44 /Users/asif/Desktop/mydev/local/mbs/endsleigh.dev/vendor/laravel/framework/src/Illuminate/Routing/Router.php(660): Illuminate\Pipeline\Pipeline->then(Object(Closure))
#45 /Users/asif/Desktop/mydev/local/mbs/endsleigh.dev/vendor/laravel/framework/src/Illuminate/Routing/Router.php(635): Illuminate\Routing\Router->runRouteWithinStack(Object(Illuminate\Routing\Route), Object(Illuminate\Http\Request))
#46 /Users/asif/Desktop/mydev/local/mbs/endsleigh.dev/vendor/laravel/framework/src/Illuminate/Routing/Router.php(601): Illuminate\Routing\Router->runRoute(Object(Illuminate\Http\Request), Object(Illuminate\Routing\Route))
#47 /Users/asif/Desktop/mydev/local/mbs/endsleigh.dev/vendor/october/rain/src/Router/CoreRouter.php(20): Illuminate\Routing\Router->dispatchToRoute(Object(Illuminate\Http\Request))
#48 /Users/asif/Desktop/mydev/local/mbs/endsleigh.dev/vendor/laravel/framework/src/Illuminate/Foundation/Http/Kernel.php(176): October\Rain\Router\CoreRouter->dispatch(Object(Illuminate\Http\Request))
#49 /Users/asif/Desktop/mydev/local/mbs/endsleigh.dev/vendor/laravel/framework/src/Illuminate/Routing/Pipeline.php(30): Illuminate\Foundation\Http\Kernel->Illuminate\Foundation\Http\{closure}(Object(Illuminate\Http\Request))
#50 /Users/asif/Desktop/mydev/local/mbs/endsleigh.dev/vendor/laravel/framework/src/Illuminate/Foundation/Http/Middleware/CheckForMaintenanceMode.php(46): Illuminate\Routing\Pipeline->Illuminate\Routing\{closure}(Object(Illuminate\Http\Request))
#51 /Users/asif/Desktop/mydev/local/mbs/endsleigh.dev/vendor/laravel/framework/src/Illuminate/Pipeline/Pipeline.php(149): Illuminate\Foundation\Http\Middleware\CheckForMaintenanceMode->handle(Object(Illuminate\Http\Request), Object(Closure))
#52 /Users/asif/Desktop/mydev/local/mbs/endsleigh.dev/vendor/laravel/framework/src/Illuminate/Routing/Pipeline.php(53): Illuminate\Pipeline\Pipeline->Illuminate\Pipeline\{closure}(Object(Illuminate\Http\Request))
#53 /Users/asif/Desktop/mydev/local/mbs/endsleigh.dev/vendor/laravel/framework/src/Illuminate/Pipeline/Pipeline.php(102): Illuminate\Routing\Pipeline->Illuminate\Routing\{closure}(Object(Illuminate\Http\Request))
#54 /Users/asif/Desktop/mydev/local/mbs/endsleigh.dev/vendor/laravel/framework/src/Illuminate/Foundation/Http/Kernel.php(151): Illuminate\Pipeline\Pipeline->then(Object(Closure))
#55 /Users/asif/Desktop/mydev/local/mbs/endsleigh.dev/vendor/laravel/framework/src/Illuminate/Foundation/Http/Kernel.php(116): Illuminate\Foundation\Http\Kernel->sendRequestThroughRouter(Object(Illuminate\Http\Request))
#56 /Users/asif/Desktop/mydev/local/mbs/endsleigh.dev/index.php(43): Illuminate\Foundation\Http\Kernel->handle(Object(Illuminate\Http\Request))
#57 {main}  
[2019-01-04 16:20:01] development.ERROR: Twig_Error_Syntax: Unexpected token "operator" of value "!=" in "/Users/asif/Desktop/mydev/local/mbs/endsleigh.dev/themes/endsleigh/partials/endsleigh-nudge.htm" at line 15. in /Users/asif/Desktop/mydev/local/mbs/endsleigh.dev/vendor/twig/twig/lib/Twig/ExpressionParser.php:201
Stack trace:
#0 /Users/asif/Desktop/mydev/local/mbs/endsleigh.dev/vendor/twig/twig/lib/Twig/ExpressionParser.php(92): Twig_ExpressionParser->parsePrimaryExpression()
#1 /Users/asif/Desktop/mydev/local/mbs/endsleigh.dev/vendor/twig/twig/lib/Twig/ExpressionParser.php(45): Twig_ExpressionParser->getPrimary()
#2 /Users/asif/Desktop/mydev/local/mbs/endsleigh.dev/vendor/twig/twig/lib/Twig/TokenParser/If.php(31): Twig_ExpressionParser->parseExpression()
#3 /Users/asif/Desktop/mydev/local/mbs/endsleigh.dev/vendor/twig/twig/lib/Twig/Parser.php(168): Twig_TokenParser_If->parse(Object(Twig_Token))
#4 /Users/asif/Desktop/mydev/local/mbs/endsleigh.dev/vendor/twig/twig/lib/Twig/Parser.php(81): Twig_Parser->subparse(NULL, false)
#5 /Users/asif/Desktop/mydev/local/mbs/endsleigh.dev/vendor/twig/twig/lib/Twig/Environment.php(533): Twig_Parser->parse(Object(Twig_TokenStream))
#6 /Users/asif/Desktop/mydev/local/mbs/endsleigh.dev/vendor/twig/twig/lib/Twig/Environment.php(565): Twig_Environment->parse(Object(Twig_TokenStream))
#7 /Users/asif/Desktop/mydev/local/mbs/endsleigh.dev/vendor/twig/twig/lib/Twig/Environment.php(368): Twig_Environment->compileSource(Object(Twig_Source))
#8 /Users/asif/Desktop/mydev/local/mbs/endsleigh.dev/modules/cms/Classes/Controller.php(939): Twig_Environment->loadTemplate('/Users/asif/Des...')
#9 /Users/asif/Desktop/mydev/local/mbs/endsleigh.dev/plugins/rainlab/pages/classes/Snippet.php(315): Cms\Classes\Controller->renderPartial('endsleigh-nudge...', Array)
#10 /Users/asif/Desktop/mydev/local/mbs/endsleigh.dev/plugins/rainlab/pages/classes/Page.php(591): RainLab\Pages\Classes\Snippet::processPageMarkup('students-and-ed...', Object(Cms\Classes\Theme), '<section class=...')
#11 /Users/asif/Desktop/mydev/local/mbs/endsleigh.dev/plugins/rainlab/pages/classes/Controller.php(87): RainLab\Pages\Classes\Page->getProcessedMarkup()
#12 /Users/asif/Desktop/mydev/local/mbs/endsleigh.dev/plugins/rainlab/pages/Plugin.php(131): RainLab\Pages\Classes\Controller->getPageContents(Object(Cms\Classes\Page))
#13 [internal function]: RainLab\Pages\Plugin->RainLab\Pages\{closure}(Object(Cms\Classes\Controller), Object(Cms\Classes\Page))
#14 /Users/asif/Desktop/mydev/local/mbs/endsleigh.dev/vendor/october/rain/src/Events/Dispatcher.php(233): call_user_func_array(Object(Closure), Array)
#15 /Users/asif/Desktop/mydev/local/mbs/endsleigh.dev/vendor/october/rain/src/Events/Dispatcher.php(197): October\Rain\Events\Dispatcher->dispatch('cms.page.before...', Array, true)
#16 /Users/asif/Desktop/mydev/local/mbs/endsleigh.dev/vendor/laravel/framework/src/Illuminate/Support/Facades/Facade.php(221): October\Rain\Events\Dispatcher->fire('cms.page.before...', Array, true)
#17 /Users/asif/Desktop/mydev/local/mbs/endsleigh.dev/modules/system/Traits/EventEmitter.php(58): Illuminate\Support\Facades\Facade::__callStatic('fire', Array)
#18 /Users/asif/Desktop/mydev/local/mbs/endsleigh.dev/modules/cms/Classes/Controller.php(350): Cms\Classes\Controller->fireSystemEvent('cms.page.before...', Array)
#19 /Users/asif/Desktop/mydev/local/mbs/endsleigh.dev/modules/cms/Classes/Controller.php(206): Cms\Classes\Controller->runPage(Object(Cms\Classes\Page))
#20 /Users/asif/Desktop/mydev/local/mbs/endsleigh.dev/modules/cms/Classes/CmsController.php(50): Cms\Classes\Controller->run('students-and-ed...')
#21 [internal function]: Cms\Classes\CmsController->run('students-and-ed...')
#22 /Users/asif/Desktop/mydev/local/mbs/endsleigh.dev/vendor/laravel/framework/src/Illuminate/Routing/Controller.php(54): call_user_func_array(Array, Array)
#23 /Users/asif/Desktop/mydev/local/mbs/endsleigh.dev/vendor/laravel/framework/src/Illuminate/Routing/ControllerDispatcher.php(45): Illuminate\Routing\Controller->callAction('run', Array)
#24 /Users/asif/Desktop/mydev/local/mbs/endsleigh.dev/vendor/laravel/framework/src/Illuminate/Routing/Route.php(212): Illuminate\Routing\ControllerDispatcher->dispatch(Object(Illuminate\Routing\Route), Object(Cms\Classes\CmsController), 'run')
#25 /Users/asif/Desktop/mydev/local/mbs/endsleigh.dev/vendor/laravel/framework/src/Illuminate/Routing/Route.php(169): Illuminate\Routing\Route->runController()
#26 /Users/asif/Desktop/mydev/local/mbs/endsleigh.dev/vendor/laravel/framework/src/Illuminate/Routing/Router.php(658): Illuminate\Routing\Route->run()
#27 /Users/asif/Desktop/mydev/local/mbs/endsleigh.dev/vendor/laravel/framework/src/Illuminate/Routing/Pipeline.php(30): Illuminate\Routing\Router->Illuminate\Routing\{closure}(Object(Illuminate\Http\Request))
#28 /Users/asif/Desktop/mydev/local/mbs/endsleigh.dev/vendor/laravel/framework/src/Illuminate/Routing/Middleware/SubstituteBindings.php(41): Illuminate\Routing\Pipeline->Illuminate\Routing\{closure}(Object(Illuminate\Http\Request))
#29 /Users/asif/Desktop/mydev/local/mbs/endsleigh.dev/vendor/laravel/framework/src/Illuminate/Pipeline/Pipeline.php(149): Illuminate\Routing\Middleware\SubstituteBindings->handle(Object(Illuminate\Http\Request), Object(Closure))
#30 /Users/asif/Desktop/mydev/local/mbs/endsleigh.dev/vendor/laravel/framework/src/Illuminate/Routing/Pipeline.php(53): Illuminate\Pipeline\Pipeline->Illuminate\Pipeline\{closure}(Object(Illuminate\Http\Request))
#31 /Users/asif/Desktop/mydev/local/mbs/endsleigh.dev/vendor/laravel/framework/src/Illuminate/View/Middleware/ShareErrorsFromSession.php(49): Illuminate\Routing\Pipeline->Illuminate\Routing\{closure}(Object(Illuminate\Http\Request))
#32 /Users/asif/Desktop/mydev/local/mbs/endsleigh.dev/vendor/laravel/framework/src/Illuminate/Pipeline/Pipeline.php(149): Illuminate\View\Middleware\ShareErrorsFromSession->handle(Object(Illuminate\Http\Request), Object(Closure))
#33 /Users/asif/Desktop/mydev/local/mbs/endsleigh.dev/vendor/laravel/framework/src/Illuminate/Routing/Pipeline.php(53): Illuminate\Pipeline\Pipeline->Illuminate\Pipeline\{closure}(Object(Illuminate\Http\Request))
#34 /Users/asif/Desktop/mydev/local/mbs/endsleigh.dev/vendor/laravel/framework/src/Illuminate/Session/Middleware/StartSession.php(63): Illuminate\Routing\Pipeline->Illuminate\Routing\{closure}(Object(Illuminate\Http\Request))
#35 /Users/asif/Desktop/mydev/local/mbs/endsleigh.dev/vendor/laravel/framework/src/Illuminate/Pipeline/Pipeline.php(149): Illuminate\Session\Middleware\StartSession->handle(Object(Illuminate\Http\Request), Object(Closure))
#36 /Users/asif/Desktop/mydev/local/mbs/endsleigh.dev/vendor/laravel/framework/src/Illuminate/Routing/Pipeline.php(53): Illuminate\Pipeline\Pipeline->Illuminate\Pipeline\{closure}(Object(Illuminate\Http\Request))
#37 /Users/asif/Desktop/mydev/local/mbs/endsleigh.dev/vendor/laravel/framework/src/Illuminate/Cookie/Middleware/AddQueuedCookiesToResponse.php(37): Illuminate\Routing\Pipeline->Illuminate\Routing\{closure}(Object(Illuminate\Http\Request))
#38 /Users/asif/Desktop/mydev/local/mbs/endsleigh.dev/vendor/laravel/framework/src/Illuminate/Pipeline/Pipeline.php(149): Illuminate\Cookie\Middleware\AddQueuedCookiesToResponse->handle(Object(Illuminate\Http\Request), Object(Closure))
#39 /Users/asif/Desktop/mydev/local/mbs/endsleigh.dev/vendor/laravel/framework/src/Illuminate/Routing/Pipeline.php(53): Illuminate\Pipeline\Pipeline->Illuminate\Pipeline\{closure}(Object(Illuminate\Http\Request))
#40 /Users/asif/Desktop/mydev/local/mbs/endsleigh.dev/vendor/laravel/framework/src/Illuminate/Cookie/Middleware/EncryptCookies.php(66): Illuminate\Routing\Pipeline->Illuminate\Routing\{closure}(Object(Illuminate\Http\Request))
#41 /Users/asif/Desktop/mydev/local/mbs/endsleigh.dev/vendor/laravel/framework/src/Illuminate/Pipeline/Pipeline.php(149): Illuminate\Cookie\Middleware\EncryptCookies->handle(Object(Illuminate\Http\Request), Object(Closure))
#42 /Users/asif/Desktop/mydev/local/mbs/endsleigh.dev/vendor/laravel/framework/src/Illuminate/Routing/Pipeline.php(53): Illuminate\Pipeline\Pipeline->Illuminate\Pipeline\{closure}(Object(Illuminate\Http\Request))
#43 /Users/asif/Desktop/mydev/local/mbs/endsleigh.dev/vendor/laravel/framework/src/Illuminate/Pipeline/Pipeline.php(102): Illuminate\Routing\Pipeline->Illuminate\Routing\{closure}(Object(Illuminate\Http\Request))
#44 /Users/asif/Desktop/mydev/local/mbs/endsleigh.dev/vendor/laravel/framework/src/Illuminate/Routing/Router.php(660): Illuminate\Pipeline\Pipeline->then(Object(Closure))
#45 /Users/asif/Desktop/mydev/local/mbs/endsleigh.dev/vendor/laravel/framework/src/Illuminate/Routing/Router.php(635): Illuminate\Routing\Router->runRouteWithinStack(Object(Illuminate\Routing\Route), Object(Illuminate\Http\Request))
#46 /Users/asif/Desktop/mydev/local/mbs/endsleigh.dev/vendor/laravel/framework/src/Illuminate/Routing/Router.php(601): Illuminate\Routing\Router->runRoute(Object(Illuminate\Http\Request), Object(Illuminate\Routing\Route))
#47 /Users/asif/Desktop/mydev/local/mbs/endsleigh.dev/vendor/october/rain/src/Router/CoreRouter.php(20): Illuminate\Routing\Router->dispatchToRoute(Object(Illuminate\Http\Request))
#48 /Users/asif/Desktop/mydev/local/mbs/endsleigh.dev/vendor/laravel/framework/src/Illuminate/Foundation/Http/Kernel.php(176): October\Rain\Router\CoreRouter->dispatch(Object(Illuminate\Http\Request))
#49 /Users/asif/Desktop/mydev/local/mbs/endsleigh.dev/vendor/laravel/framework/src/Illuminate/Routing/Pipeline.php(30): Illuminate\Foundation\Http\Kernel->Illuminate\Foundation\Http\{closure}(Object(Illuminate\Http\Request))
#50 /Users/asif/Desktop/mydev/local/mbs/endsleigh.dev/vendor/laravel/framework/src/Illuminate/Foundation/Http/Middleware/CheckForMaintenanceMode.php(46): Illuminate\Routing\Pipeline->Illuminate\Routing\{closure}(Object(Illuminate\Http\Request))
#51 /Users/asif/Desktop/mydev/local/mbs/endsleigh.dev/vendor/laravel/framework/src/Illuminate/Pipeline/Pipeline.php(149): Illuminate\Foundation\Http\Middleware\CheckForMaintenanceMode->handle(Object(Illuminate\Http\Request), Object(Closure))
#52 /Users/asif/Desktop/mydev/local/mbs/endsleigh.dev/vendor/laravel/framework/src/Illuminate/Routing/Pipeline.php(53): Illuminate\Pipeline\Pipeline->Illuminate\Pipeline\{closure}(Object(Illuminate\Http\Request))
#53 /Users/asif/Desktop/mydev/local/mbs/endsleigh.dev/vendor/laravel/framework/src/Illuminate/Pipeline/Pipeline.php(102): Illuminate\Routing\Pipeline->Illuminate\Routing\{closure}(Object(Illuminate\Http\Request))
#54 /Users/asif/Desktop/mydev/local/mbs/endsleigh.dev/vendor/laravel/framework/src/Illuminate/Foundation/Http/Kernel.php(151): Illuminate\Pipeline\Pipeline->then(Object(Closure))
#55 /Users/asif/Desktop/mydev/local/mbs/endsleigh.dev/vendor/laravel/framework/src/Illuminate/Foundation/Http/Kernel.php(116): Illuminate\Foundation\Http\Kernel->sendRequestThroughRouter(Object(Illuminate\Http\Request))
#56 /Users/asif/Desktop/mydev/local/mbs/endsleigh.dev/index.php(43): Illuminate\Foundation\Http\Kernel->handle(Object(Illuminate\Http\Request))
#57 {main}  
[2019-01-07 14:47:14] development.ERROR: Twig_Error_Syntax: Unexpected end of template in "/Users/asif/Desktop/mydev/local/mbs/endsleigh.dev/themes/endsleigh/partials/product-benefit-module.htm" at line 80. in /Users/asif/Desktop/mydev/local/mbs/endsleigh.dev/vendor/twig/twig/lib/Twig/TokenStream.php:52
Stack trace:
#0 /Users/asif/Desktop/mydev/local/mbs/endsleigh.dev/vendor/twig/twig/lib/Twig/TokenParser/If.php(40): Twig_TokenStream->next()
#1 /Users/asif/Desktop/mydev/local/mbs/endsleigh.dev/vendor/twig/twig/lib/Twig/Parser.php(168): Twig_TokenParser_If->parse(Object(Twig_Token))
#2 /Users/asif/Desktop/mydev/local/mbs/endsleigh.dev/vendor/twig/twig/lib/Twig/Parser.php(81): Twig_Parser->subparse(NULL, false)
#3 /Users/asif/Desktop/mydev/local/mbs/endsleigh.dev/vendor/twig/twig/lib/Twig/Environment.php(533): Twig_Parser->parse(Object(Twig_TokenStream))
#4 /Users/asif/Desktop/mydev/local/mbs/endsleigh.dev/vendor/twig/twig/lib/Twig/Environment.php(565): Twig_Environment->parse(Object(Twig_TokenStream))
#5 /Users/asif/Desktop/mydev/local/mbs/endsleigh.dev/vendor/twig/twig/lib/Twig/Environment.php(368): Twig_Environment->compileSource(Object(Twig_Source))
#6 /Users/asif/Desktop/mydev/local/mbs/endsleigh.dev/modules/cms/Classes/Controller.php(939): Twig_Environment->loadTemplate('/Users/asif/Des...')
#7 /Users/asif/Desktop/mydev/local/mbs/endsleigh.dev/plugins/rainlab/pages/classes/Snippet.php(315): Cms\Classes\Controller->renderPartial('product-benefit...', Array)
#8 /Users/asif/Desktop/mydev/local/mbs/endsleigh.dev/plugins/rainlab/pages/classes/Page.php(591): RainLab\Pages\Classes\Snippet::processPageMarkup('car-insurance.h...', Object(Cms\Classes\Theme), '<nav class="nav...')
#9 /Users/asif/Desktop/mydev/local/mbs/endsleigh.dev/plugins/rainlab/pages/classes/Controller.php(87): RainLab\Pages\Classes\Page->getProcessedMarkup()
#10 /Users/asif/Desktop/mydev/local/mbs/endsleigh.dev/plugins/rainlab/pages/Plugin.php(131): RainLab\Pages\Classes\Controller->getPageContents(Object(Cms\Classes\Page))
#11 [internal function]: RainLab\Pages\Plugin->RainLab\Pages\{closure}(Object(Cms\Classes\Controller), Object(Cms\Classes\Page))
#12 /Users/asif/Desktop/mydev/local/mbs/endsleigh.dev/vendor/october/rain/src/Events/Dispatcher.php(233): call_user_func_array(Object(Closure), Array)
#13 /Users/asif/Desktop/mydev/local/mbs/endsleigh.dev/vendor/october/rain/src/Events/Dispatcher.php(197): October\Rain\Events\Dispatcher->dispatch('cms.page.before...', Array, true)
#14 /Users/asif/Desktop/mydev/local/mbs/endsleigh.dev/vendor/laravel/framework/src/Illuminate/Support/Facades/Facade.php(221): October\Rain\Events\Dispatcher->fire('cms.page.before...', Array, true)
#15 /Users/asif/Desktop/mydev/local/mbs/endsleigh.dev/modules/system/Traits/EventEmitter.php(58): Illuminate\Support\Facades\Facade::__callStatic('fire', Array)
#16 /Users/asif/Desktop/mydev/local/mbs/endsleigh.dev/modules/cms/Classes/Controller.php(350): Cms\Classes\Controller->fireSystemEvent('cms.page.before...', Array)
#17 /Users/asif/Desktop/mydev/local/mbs/endsleigh.dev/modules/cms/Classes/Controller.php(206): Cms\Classes\Controller->runPage(Object(Cms\Classes\Page))
#18 /Users/asif/Desktop/mydev/local/mbs/endsleigh.dev/modules/cms/Classes/CmsController.php(50): Cms\Classes\Controller->run('personal/car-in...')
#19 [internal function]: Cms\Classes\CmsController->run('personal/car-in...')
#20 /Users/asif/Desktop/mydev/local/mbs/endsleigh.dev/vendor/laravel/framework/src/Illuminate/Routing/Controller.php(54): call_user_func_array(Array, Array)
#21 /Users/asif/Desktop/mydev/local/mbs/endsleigh.dev/vendor/laravel/framework/src/Illuminate/Routing/ControllerDispatcher.php(45): Illuminate\Routing\Controller->callAction('run', Array)
#22 /Users/asif/Desktop/mydev/local/mbs/endsleigh.dev/vendor/laravel/framework/src/Illuminate/Routing/Route.php(212): Illuminate\Routing\ControllerDispatcher->dispatch(Object(Illuminate\Routing\Route), Object(Cms\Classes\CmsController), 'run')
#23 /Users/asif/Desktop/mydev/local/mbs/endsleigh.dev/vendor/laravel/framework/src/Illuminate/Routing/Route.php(169): Illuminate\Routing\Route->runController()
#24 /Users/asif/Desktop/mydev/local/mbs/endsleigh.dev/vendor/laravel/framework/src/Illuminate/Routing/Router.php(658): Illuminate\Routing\Route->run()
#25 /Users/asif/Desktop/mydev/local/mbs/endsleigh.dev/vendor/laravel/framework/src/Illuminate/Routing/Pipeline.php(30): Illuminate\Routing\Router->Illuminate\Routing\{closure}(Object(Illuminate\Http\Request))
#26 /Users/asif/Desktop/mydev/local/mbs/endsleigh.dev/vendor/laravel/framework/src/Illuminate/Routing/Middleware/SubstituteBindings.php(41): Illuminate\Routing\Pipeline->Illuminate\Routing\{closure}(Object(Illuminate\Http\Request))
#27 /Users/asif/Desktop/mydev/local/mbs/endsleigh.dev/vendor/laravel/framework/src/Illuminate/Pipeline/Pipeline.php(149): Illuminate\Routing\Middleware\SubstituteBindings->handle(Object(Illuminate\Http\Request), Object(Closure))
#28 /Users/asif/Desktop/mydev/local/mbs/endsleigh.dev/vendor/laravel/framework/src/Illuminate/Routing/Pipeline.php(53): Illuminate\Pipeline\Pipeline->Illuminate\Pipeline\{closure}(Object(Illuminate\Http\Request))
#29 /Users/asif/Desktop/mydev/local/mbs/endsleigh.dev/vendor/laravel/framework/src/Illuminate/View/Middleware/ShareErrorsFromSession.php(49): Illuminate\Routing\Pipeline->Illuminate\Routing\{closure}(Object(Illuminate\Http\Request))
#30 /Users/asif/Desktop/mydev/local/mbs/endsleigh.dev/vendor/laravel/framework/src/Illuminate/Pipeline/Pipeline.php(149): Illuminate\View\Middleware\ShareErrorsFromSession->handle(Object(Illuminate\Http\Request), Object(Closure))
#31 /Users/asif/Desktop/mydev/local/mbs/endsleigh.dev/vendor/laravel/framework/src/Illuminate/Routing/Pipeline.php(53): Illuminate\Pipeline\Pipeline->Illuminate\Pipeline\{closure}(Object(Illuminate\Http\Request))
#32 /Users/asif/Desktop/mydev/local/mbs/endsleigh.dev/vendor/laravel/framework/src/Illuminate/Session/Middleware/StartSession.php(63): Illuminate\Routing\Pipeline->Illuminate\Routing\{closure}(Object(Illuminate\Http\Request))
#33 /Users/asif/Desktop/mydev/local/mbs/endsleigh.dev/vendor/laravel/framework/src/Illuminate/Pipeline/Pipeline.php(149): Illuminate\Session\Middleware\StartSession->handle(Object(Illuminate\Http\Request), Object(Closure))
#34 /Users/asif/Desktop/mydev/local/mbs/endsleigh.dev/vendor/laravel/framework/src/Illuminate/Routing/Pipeline.php(53): Illuminate\Pipeline\Pipeline->Illuminate\Pipeline\{closure}(Object(Illuminate\Http\Request))
#35 /Users/asif/Desktop/mydev/local/mbs/endsleigh.dev/vendor/laravel/framework/src/Illuminate/Cookie/Middleware/AddQueuedCookiesToResponse.php(37): Illuminate\Routing\Pipeline->Illuminate\Routing\{closure}(Object(Illuminate\Http\Request))
#36 /Users/asif/Desktop/mydev/local/mbs/endsleigh.dev/vendor/laravel/framework/src/Illuminate/Pipeline/Pipeline.php(149): Illuminate\Cookie\Middleware\AddQueuedCookiesToResponse->handle(Object(Illuminate\Http\Request), Object(Closure))
#37 /Users/asif/Desktop/mydev/local/mbs/endsleigh.dev/vendor/laravel/framework/src/Illuminate/Routing/Pipeline.php(53): Illuminate\Pipeline\Pipeline->Illuminate\Pipeline\{closure}(Object(Illuminate\Http\Request))
#38 /Users/asif/Desktop/mydev/local/mbs/endsleigh.dev/vendor/laravel/framework/src/Illuminate/Cookie/Middleware/EncryptCookies.php(66): Illuminate\Routing\Pipeline->Illuminate\Routing\{closure}(Object(Illuminate\Http\Request))
#39 /Users/asif/Desktop/mydev/local/mbs/endsleigh.dev/vendor/laravel/framework/src/Illuminate/Pipeline/Pipeline.php(149): Illuminate\Cookie\Middleware\EncryptCookies->handle(Object(Illuminate\Http\Request), Object(Closure))
#40 /Users/asif/Desktop/mydev/local/mbs/endsleigh.dev/vendor/laravel/framework/src/Illuminate/Routing/Pipeline.php(53): Illuminate\Pipeline\Pipeline->Illuminate\Pipeline\{closure}(Object(Illuminate\Http\Request))
#41 /Users/asif/Desktop/mydev/local/mbs/endsleigh.dev/vendor/laravel/framework/src/Illuminate/Pipeline/Pipeline.php(102): Illuminate\Routing\Pipeline->Illuminate\Routing\{closure}(Object(Illuminate\Http\Request))
#42 /Users/asif/Desktop/mydev/local/mbs/endsleigh.dev/vendor/laravel/framework/src/Illuminate/Routing/Router.php(660): Illuminate\Pipeline\Pipeline->then(Object(Closure))
#43 /Users/asif/Desktop/mydev/local/mbs/endsleigh.dev/vendor/laravel/framework/src/Illuminate/Routing/Router.php(635): Illuminate\Routing\Router->runRouteWithinStack(Object(Illuminate\Routing\Route), Object(Illuminate\Http\Request))
#44 /Users/asif/Desktop/mydev/local/mbs/endsleigh.dev/vendor/laravel/framework/src/Illuminate/Routing/Router.php(601): Illuminate\Routing\Router->runRoute(Object(Illuminate\Http\Request), Object(Illuminate\Routing\Route))
#45 /Users/asif/Desktop/mydev/local/mbs/endsleigh.dev/vendor/october/rain/src/Router/CoreRouter.php(20): Illuminate\Routing\Router->dispatchToRoute(Object(Illuminate\Http\Request))
#46 /Users/asif/Desktop/mydev/local/mbs/endsleigh.dev/vendor/laravel/framework/src/Illuminate/Foundation/Http/Kernel.php(176): October\Rain\Router\CoreRouter->dispatch(Object(Illuminate\Http\Request))
#47 /Users/asif/Desktop/mydev/local/mbs/endsleigh.dev/vendor/laravel/framework/src/Illuminate/Routing/Pipeline.php(30): Illuminate\Foundation\Http\Kernel->Illuminate\Foundation\Http\{closure}(Object(Illuminate\Http\Request))
#48 /Users/asif/Desktop/mydev/local/mbs/endsleigh.dev/vendor/laravel/framework/src/Illuminate/Foundation/Http/Middleware/CheckForMaintenanceMode.php(46): Illuminate\Routing\Pipeline->Illuminate\Routing\{closure}(Object(Illuminate\Http\Request))
#49 /Users/asif/Desktop/mydev/local/mbs/endsleigh.dev/vendor/laravel/framework/src/Illuminate/Pipeline/Pipeline.php(149): Illuminate\Foundation\Http\Middleware\CheckForMaintenanceMode->handle(Object(Illuminate\Http\Request), Object(Closure))
#50 /Users/asif/Desktop/mydev/local/mbs/endsleigh.dev/vendor/laravel/framework/src/Illuminate/Routing/Pipeline.php(53): Illuminate\Pipeline\Pipeline->Illuminate\Pipeline\{closure}(Object(Illuminate\Http\Request))
#51 /Users/asif/Desktop/mydev/local/mbs/endsleigh.dev/vendor/laravel/framework/src/Illuminate/Pipeline/Pipeline.php(102): Illuminate\Routing\Pipeline->Illuminate\Routing\{closure}(Object(Illuminate\Http\Request))
#52 /Users/asif/Desktop/mydev/local/mbs/endsleigh.dev/vendor/laravel/framework/src/Illuminate/Foundation/Http/Kernel.php(151): Illuminate\Pipeline\Pipeline->then(Object(Closure))
#53 /Users/asif/Desktop/mydev/local/mbs/endsleigh.dev/vendor/laravel/framework/src/Illuminate/Foundation/Http/Kernel.php(116): Illuminate\Foundation\Http\Kernel->sendRequestThroughRouter(Object(Illuminate\Http\Request))
#54 /Users/asif/Desktop/mydev/local/mbs/endsleigh.dev/index.php(43): Illuminate\Foundation\Http\Kernel->handle(Object(Illuminate\Http\Request))
#55 {main}  
[2019-01-07 14:48:09] development.ERROR: Twig_Error_Syntax: Unexpected character "!" in "/Users/asif/Desktop/mydev/local/mbs/endsleigh.dev/themes/endsleigh/partials/product-benefit-module.htm" at line 65. in /Users/asif/Desktop/mydev/local/mbs/endsleigh.dev/vendor/twig/twig/lib/Twig/Lexer.php:270
Stack trace:
#0 /Users/asif/Desktop/mydev/local/mbs/endsleigh.dev/vendor/twig/twig/lib/Twig/Lexer.php(191): Twig_Lexer->lexExpression()
#1 /Users/asif/Desktop/mydev/local/mbs/endsleigh.dev/vendor/twig/twig/lib/Twig/Lexer.php(101): Twig_Lexer->lexBlock()
#2 /Users/asif/Desktop/mydev/local/mbs/endsleigh.dev/vendor/twig/twig/lib/Twig/Environment.php(512): Twig_Lexer->tokenize(Object(Twig_Source))
#3 /Users/asif/Desktop/mydev/local/mbs/endsleigh.dev/vendor/twig/twig/lib/Twig/Environment.php(565): Twig_Environment->tokenize(Object(Twig_Source))
#4 /Users/asif/Desktop/mydev/local/mbs/endsleigh.dev/vendor/twig/twig/lib/Twig/Environment.php(368): Twig_Environment->compileSource(Object(Twig_Source))
#5 /Users/asif/Desktop/mydev/local/mbs/endsleigh.dev/modules/cms/Classes/Controller.php(939): Twig_Environment->loadTemplate('/Users/asif/Des...')
#6 /Users/asif/Desktop/mydev/local/mbs/endsleigh.dev/plugins/rainlab/pages/classes/Snippet.php(315): Cms\Classes\Controller->renderPartial('product-benefit...', Array)
#7 /Users/asif/Desktop/mydev/local/mbs/endsleigh.dev/plugins/rainlab/pages/classes/Page.php(591): RainLab\Pages\Classes\Snippet::processPageMarkup('car-insurance.h...', Object(Cms\Classes\Theme), '<nav class="nav...')
#8 /Users/asif/Desktop/mydev/local/mbs/endsleigh.dev/plugins/rainlab/pages/classes/Controller.php(87): RainLab\Pages\Classes\Page->getProcessedMarkup()
#9 /Users/asif/Desktop/mydev/local/mbs/endsleigh.dev/plugins/rainlab/pages/Plugin.php(131): RainLab\Pages\Classes\Controller->getPageContents(Object(Cms\Classes\Page))
#10 [internal function]: RainLab\Pages\Plugin->RainLab\Pages\{closure}(Object(Cms\Classes\Controller), Object(Cms\Classes\Page))
#11 /Users/asif/Desktop/mydev/local/mbs/endsleigh.dev/vendor/october/rain/src/Events/Dispatcher.php(233): call_user_func_array(Object(Closure), Array)
#12 /Users/asif/Desktop/mydev/local/mbs/endsleigh.dev/vendor/october/rain/src/Events/Dispatcher.php(197): October\Rain\Events\Dispatcher->dispatch('cms.page.before...', Array, true)
#13 /Users/asif/Desktop/mydev/local/mbs/endsleigh.dev/vendor/laravel/framework/src/Illuminate/Support/Facades/Facade.php(221): October\Rain\Events\Dispatcher->fire('cms.page.before...', Array, true)
#14 /Users/asif/Desktop/mydev/local/mbs/endsleigh.dev/modules/system/Traits/EventEmitter.php(58): Illuminate\Support\Facades\Facade::__callStatic('fire', Array)
#15 /Users/asif/Desktop/mydev/local/mbs/endsleigh.dev/modules/cms/Classes/Controller.php(350): Cms\Classes\Controller->fireSystemEvent('cms.page.before...', Array)
#16 /Users/asif/Desktop/mydev/local/mbs/endsleigh.dev/modules/cms/Classes/Controller.php(206): Cms\Classes\Controller->runPage(Object(Cms\Classes\Page))
#17 /Users/asif/Desktop/mydev/local/mbs/endsleigh.dev/modules/cms/Classes/CmsController.php(50): Cms\Classes\Controller->run('personal/car-in...')
#18 [internal function]: Cms\Classes\CmsController->run('personal/car-in...')
#19 /Users/asif/Desktop/mydev/local/mbs/endsleigh.dev/vendor/laravel/framework/src/Illuminate/Routing/Controller.php(54): call_user_func_array(Array, Array)
#20 /Users/asif/Desktop/mydev/local/mbs/endsleigh.dev/vendor/laravel/framework/src/Illuminate/Routing/ControllerDispatcher.php(45): Illuminate\Routing\Controller->callAction('run', Array)
#21 /Users/asif/Desktop/mydev/local/mbs/endsleigh.dev/vendor/laravel/framework/src/Illuminate/Routing/Route.php(212): Illuminate\Routing\ControllerDispatcher->dispatch(Object(Illuminate\Routing\Route), Object(Cms\Classes\CmsController), 'run')
#22 /Users/asif/Desktop/mydev/local/mbs/endsleigh.dev/vendor/laravel/framework/src/Illuminate/Routing/Route.php(169): Illuminate\Routing\Route->runController()
#23 /Users/asif/Desktop/mydev/local/mbs/endsleigh.dev/vendor/laravel/framework/src/Illuminate/Routing/Router.php(658): Illuminate\Routing\Route->run()
#24 /Users/asif/Desktop/mydev/local/mbs/endsleigh.dev/vendor/laravel/framework/src/Illuminate/Routing/Pipeline.php(30): Illuminate\Routing\Router->Illuminate\Routing\{closure}(Object(Illuminate\Http\Request))
#25 /Users/asif/Desktop/mydev/local/mbs/endsleigh.dev/vendor/laravel/framework/src/Illuminate/Routing/Middleware/SubstituteBindings.php(41): Illuminate\Routing\Pipeline->Illuminate\Routing\{closure}(Object(Illuminate\Http\Request))
#26 /Users/asif/Desktop/mydev/local/mbs/endsleigh.dev/vendor/laravel/framework/src/Illuminate/Pipeline/Pipeline.php(149): Illuminate\Routing\Middleware\SubstituteBindings->handle(Object(Illuminate\Http\Request), Object(Closure))
#27 /Users/asif/Desktop/mydev/local/mbs/endsleigh.dev/vendor/laravel/framework/src/Illuminate/Routing/Pipeline.php(53): Illuminate\Pipeline\Pipeline->Illuminate\Pipeline\{closure}(Object(Illuminate\Http\Request))
#28 /Users/asif/Desktop/mydev/local/mbs/endsleigh.dev/vendor/laravel/framework/src/Illuminate/View/Middleware/ShareErrorsFromSession.php(49): Illuminate\Routing\Pipeline->Illuminate\Routing\{closure}(Object(Illuminate\Http\Request))
#29 /Users/asif/Desktop/mydev/local/mbs/endsleigh.dev/vendor/laravel/framework/src/Illuminate/Pipeline/Pipeline.php(149): Illuminate\View\Middleware\ShareErrorsFromSession->handle(Object(Illuminate\Http\Request), Object(Closure))
#30 /Users/asif/Desktop/mydev/local/mbs/endsleigh.dev/vendor/laravel/framework/src/Illuminate/Routing/Pipeline.php(53): Illuminate\Pipeline\Pipeline->Illuminate\Pipeline\{closure}(Object(Illuminate\Http\Request))
#31 /Users/asif/Desktop/mydev/local/mbs/endsleigh.dev/vendor/laravel/framework/src/Illuminate/Session/Middleware/StartSession.php(63): Illuminate\Routing\Pipeline->Illuminate\Routing\{closure}(Object(Illuminate\Http\Request))
#32 /Users/asif/Desktop/mydev/local/mbs/endsleigh.dev/vendor/laravel/framework/src/Illuminate/Pipeline/Pipeline.php(149): Illuminate\Session\Middleware\StartSession->handle(Object(Illuminate\Http\Request), Object(Closure))
#33 /Users/asif/Desktop/mydev/local/mbs/endsleigh.dev/vendor/laravel/framework/src/Illuminate/Routing/Pipeline.php(53): Illuminate\Pipeline\Pipeline->Illuminate\Pipeline\{closure}(Object(Illuminate\Http\Request))
#34 /Users/asif/Desktop/mydev/local/mbs/endsleigh.dev/vendor/laravel/framework/src/Illuminate/Cookie/Middleware/AddQueuedCookiesToResponse.php(37): Illuminate\Routing\Pipeline->Illuminate\Routing\{closure}(Object(Illuminate\Http\Request))
#35 /Users/asif/Desktop/mydev/local/mbs/endsleigh.dev/vendor/laravel/framework/src/Illuminate/Pipeline/Pipeline.php(149): Illuminate\Cookie\Middleware\AddQueuedCookiesToResponse->handle(Object(Illuminate\Http\Request), Object(Closure))
#36 /Users/asif/Desktop/mydev/local/mbs/endsleigh.dev/vendor/laravel/framework/src/Illuminate/Routing/Pipeline.php(53): Illuminate\Pipeline\Pipeline->Illuminate\Pipeline\{closure}(Object(Illuminate\Http\Request))
#37 /Users/asif/Desktop/mydev/local/mbs/endsleigh.dev/vendor/laravel/framework/src/Illuminate/Cookie/Middleware/EncryptCookies.php(66): Illuminate\Routing\Pipeline->Illuminate\Routing\{closure}(Object(Illuminate\Http\Request))
#38 /Users/asif/Desktop/mydev/local/mbs/endsleigh.dev/vendor/laravel/framework/src/Illuminate/Pipeline/Pipeline.php(149): Illuminate\Cookie\Middleware\EncryptCookies->handle(Object(Illuminate\Http\Request), Object(Closure))
#39 /Users/asif/Desktop/mydev/local/mbs/endsleigh.dev/vendor/laravel/framework/src/Illuminate/Routing/Pipeline.php(53): Illuminate\Pipeline\Pipeline->Illuminate\Pipeline\{closure}(Object(Illuminate\Http\Request))
#40 /Users/asif/Desktop/mydev/local/mbs/endsleigh.dev/vendor/laravel/framework/src/Illuminate/Pipeline/Pipeline.php(102): Illuminate\Routing\Pipeline->Illuminate\Routing\{closure}(Object(Illuminate\Http\Request))
#41 /Users/asif/Desktop/mydev/local/mbs/endsleigh.dev/vendor/laravel/framework/src/Illuminate/Routing/Router.php(660): Illuminate\Pipeline\Pipeline->then(Object(Closure))
#42 /Users/asif/Desktop/mydev/local/mbs/endsleigh.dev/vendor/laravel/framework/src/Illuminate/Routing/Router.php(635): Illuminate\Routing\Router->runRouteWithinStack(Object(Illuminate\Routing\Route), Object(Illuminate\Http\Request))
#43 /Users/asif/Desktop/mydev/local/mbs/endsleigh.dev/vendor/laravel/framework/src/Illuminate/Routing/Router.php(601): Illuminate\Routing\Router->runRoute(Object(Illuminate\Http\Request), Object(Illuminate\Routing\Route))
#44 /Users/asif/Desktop/mydev/local/mbs/endsleigh.dev/vendor/october/rain/src/Router/CoreRouter.php(20): Illuminate\Routing\Router->dispatchToRoute(Object(Illuminate\Http\Request))
#45 /Users/asif/Desktop/mydev/local/mbs/endsleigh.dev/vendor/laravel/framework/src/Illuminate/Foundation/Http/Kernel.php(176): October\Rain\Router\CoreRouter->dispatch(Object(Illuminate\Http\Request))
#46 /Users/asif/Desktop/mydev/local/mbs/endsleigh.dev/vendor/laravel/framework/src/Illuminate/Routing/Pipeline.php(30): Illuminate\Foundation\Http\Kernel->Illuminate\Foundation\Http\{closure}(Object(Illuminate\Http\Request))
#47 /Users/asif/Desktop/mydev/local/mbs/endsleigh.dev/vendor/laravel/framework/src/Illuminate/Foundation/Http/Middleware/CheckForMaintenanceMode.php(46): Illuminate\Routing\Pipeline->Illuminate\Routing\{closure}(Object(Illuminate\Http\Request))
#48 /Users/asif/Desktop/mydev/local/mbs/endsleigh.dev/vendor/laravel/framework/src/Illuminate/Pipeline/Pipeline.php(149): Illuminate\Foundation\Http\Middleware\CheckForMaintenanceMode->handle(Object(Illuminate\Http\Request), Object(Closure))
#49 /Users/asif/Desktop/mydev/local/mbs/endsleigh.dev/vendor/laravel/framework/src/Illuminate/Routing/Pipeline.php(53): Illuminate\Pipeline\Pipeline->Illuminate\Pipeline\{closure}(Object(Illuminate\Http\Request))
#50 /Users/asif/Desktop/mydev/local/mbs/endsleigh.dev/vendor/laravel/framework/src/Illuminate/Pipeline/Pipeline.php(102): Illuminate\Routing\Pipeline->Illuminate\Routing\{closure}(Object(Illuminate\Http\Request))
#51 /Users/asif/Desktop/mydev/local/mbs/endsleigh.dev/vendor/laravel/framework/src/Illuminate/Foundation/Http/Kernel.php(151): Illuminate\Pipeline\Pipeline->then(Object(Closure))
#52 /Users/asif/Desktop/mydev/local/mbs/endsleigh.dev/vendor/laravel/framework/src/Illuminate/Foundation/Http/Kernel.php(116): Illuminate\Foundation\Http\Kernel->sendRequestThroughRouter(Object(Illuminate\Http\Request))
#53 /Users/asif/Desktop/mydev/local/mbs/endsleigh.dev/index.php(43): Illuminate\Foundation\Http\Kernel->handle(Object(Illuminate\Http\Request))
#54 {main}  
